# JRE version: OpenJDK Runtime Environment Temurin-17.0.9+9 (17.0.9+9) (build 17.0.9+9)
# Java VM: OpenJDK 64-Bit Server VM Temurin-17.0.9+9 (17.0.9+9, mixed mode, tiered, compressed oops, compressed class ptrs, parallel gc, windows-amd64)
GC Precious Log:
 CPUs: 4 total, 4 available
 Memory: 8108M
 Large Page Support: Disabled
 NUMA Support: Disabled
 Compressed Oops: Enabled (32-bit)
 Alignments: Space 512K, Generation 512K, Heap 2M
 Heap Min Capacity: 100M
 Heap Initial Capacity: 100M
 Heap Max Capacity: 1G
 Pre-touch: Disabled
 Parallel Workers: 4
Heap:
 PSYoungGen      total 3584K, used 2838K [0x00000000eab00000, 0x00000000eb000000, 0x0000000100000000)
  eden space 3072K, 76% used [0x00000000eab00000,0x00000000ead4d898,0x00000000eae00000)
  from space 512K, 93% used [0x00000000eaf00000,0x00000000eaf78300,0x00000000eaf80000)
  to   space 1024K, 0% used [0x00000000eae00000,0x00000000eae00000,0x00000000eaf00000)
 ParOldGen       total 140288K, used 133302K [0x00000000c0000000, 0x00000000c8900000, 0x00000000eab00000)
  object space 140288K, 95% used [0x00000000c0000000,0x00000000c822d860,0x00000000c8900000)
 Metaspace       used 59259K, committed 60288K, reserved 1114112K
  class space    used 6699K, committed 7104K, reserved 1048576K
GC Heap History (20 events):
Event: 30.156 GC heap before
{Heap before GC invocations=106 (full 5):
 PSYoungGen      total 4096K, used 3645K [0x00000000eab00000, 0x00000000eb000000, 0x0000000100000000)
  eden space 3072K, 100% used [0x00000000eab00000,0x00000000eae00000,0x00000000eae00000)
  from space 1024K, 55% used [0x00000000eaf00000,0x00000000eaf8f478,0x00000000eb000000)
  to   space 1024K, 0% used [0x00000000eae00000,0x00000000eae00000,0x00000000eaf00000)
 ParOldGen       total 140288K, used 128854K [0x00000000c0000000, 0x00000000c8900000, 0x00000000eab00000)
  object space 140288K, 91% used [0x00000000c0000000,0x00000000c7dd59e8,0x00000000c8900000)
 Metaspace       used 57690K, committed 58752K, reserved 1114112K
  class space    used 6435K, committed 6848K, reserved 1048576K
}
Event: 30.159 GC heap after
{Heap after GC invocations=106 (full 5):
 PSYoungGen      total 4096K, used 640K [0x00000000eab00000, 0x00000000eb000000, 0x0000000100000000)
  eden space 3072K, 0% used [0x00000000eab00000,0x00000000eab00000,0x00000000eae00000)
  from space 1024K, 62% used [0x00000000eae00000,0x00000000eaea0000,0x00000000eaf00000)
  to   space 1024K, 0% used [0x00000000eaf00000,0x00000000eaf00000,0x00000000eb000000)
 ParOldGen       total 140288K, used 129366K [0x00000000c0000000, 0x00000000c8900000, 0x00000000eab00000)
  object space 140288K, 92% used [0x00000000c0000000,0x00000000c7e55848,0x00000000c8900000)
 Metaspace       used 57690K, committed 58752K, reserved 1114112K
  class space    used 6435K, committed 6848K, reserved 1048576K
}
Event: 30.187 GC heap before
{Heap before GC invocations=107 (full 5):
 PSYoungGen      total 4096K, used 3712K [0x00000000eab00000, 0x00000000eb000000, 0x0000000100000000)
  eden space 3072K, 100% used [0x00000000eab00000,0x00000000eae00000,0x00000000eae00000)
  from space 1024K, 62% used [0x00000000eae00000,0x00000000eaea0000,0x00000000eaf00000)
  to   space 1024K, 0% used [0x00000000eaf00000,0x00000000eaf00000,0x00000000eb000000)
 ParOldGen       total 140288K, used 129366K [0x00000000c0000000, 0x00000000c8900000, 0x00000000eab00000)
  object space 140288K, 92% used [0x00000000c0000000,0x00000000c7e55848,0x00000000c8900000)
 Metaspace       used 57743K, committed 58752K, reserved 1114112K
  class space    used 6449K, committed 6848K, reserved 1048576K
}
Event: 30.189 GC heap after
{Heap after GC invocations=107 (full 5):
 PSYoungGen      total 4096K, used 514K [0x00000000eab00000, 0x00000000eb000000, 0x0000000100000000)
  eden space 3072K, 0% used [0x00000000eab00000,0x00000000eab00000,0x00000000eae00000)
  from space 1024K, 50% used [0x00000000eaf00000,0x00000000eaf80b08,0x00000000eb000000)
  to   space 1024K, 0% used [0x00000000eae00000,0x00000000eae00000,0x00000000eaf00000)
 ParOldGen       total 140288K, used 129908K [0x00000000c0000000, 0x00000000c8900000, 0x00000000eab00000)
  object space 140288K, 92% used [0x00000000c0000000,0x00000000c7edd3d0,0x00000000c8900000)
 Metaspace       used 57743K, committed 58752K, reserved 1114112K
  class space    used 6449K, committed 6848K, reserved 1048576K
}
Event: 30.216 GC heap before
{Heap before GC invocations=108 (full 5):
 PSYoungGen      total 4096K, used 3549K [0x00000000eab00000, 0x00000000eb000000, 0x0000000100000000)
  eden space 3072K, 98% used [0x00000000eab00000,0x00000000eadf6af0,0x00000000eae00000)
  from space 1024K, 50% used [0x00000000eaf00000,0x00000000eaf80b08,0x00000000eb000000)
  to   space 1024K, 0% used [0x00000000eae00000,0x00000000eae00000,0x00000000eaf00000)
 ParOldGen       total 140288K, used 129908K [0x00000000c0000000, 0x00000000c8900000, 0x00000000eab00000)
  object space 140288K, 92% used [0x00000000c0000000,0x00000000c7edd3d0,0x00000000c8900000)
 Metaspace       used 57836K, committed 58816K, reserved 1114112K
  class space    used 6468K, committed 6848K, reserved 1048576K
}
Event: 30.218 GC heap after
{Heap after GC invocations=108 (full 5):
 PSYoungGen      total 4096K, used 625K [0x00000000eab00000, 0x00000000eb000000, 0x0000000100000000)
  eden space 3072K, 0% used [0x00000000eab00000,0x00000000eab00000,0x00000000eae00000)
  from space 1024K, 61% used [0x00000000eae00000,0x00000000eae9c588,0x00000000eaf00000)
  to   space 1024K, 0% used [0x00000000eaf00000,0x00000000eaf00000,0x00000000eb000000)
 ParOldGen       total 140288K, used 130401K [0x00000000c0000000, 0x00000000c8900000, 0x00000000eab00000)
  object space 140288K, 92% used [0x00000000c0000000,0x00000000c7f58610,0x00000000c8900000)
 Metaspace       used 57836K, committed 58816K, reserved 1114112K
  class space    used 6468K, committed 6848K, reserved 1048576K
}
Event: 30.236 GC heap before
{Heap before GC invocations=109 (full 5):
 PSYoungGen      total 4096K, used 3697K [0x00000000eab00000, 0x00000000eb000000, 0x0000000100000000)
  eden space 3072K, 100% used [0x00000000eab00000,0x00000000eae00000,0x00000000eae00000)
  from space 1024K, 61% used [0x00000000eae00000,0x00000000eae9c588,0x00000000eaf00000)
  to   space 1024K, 0% used [0x00000000eaf00000,0x00000000eaf00000,0x00000000eb000000)
 ParOldGen       total 140288K, used 130401K [0x00000000c0000000, 0x00000000c8900000, 0x00000000eab00000)
  object space 140288K, 92% used [0x00000000c0000000,0x00000000c7f58610,0x00000000c8900000)
 Metaspace       used 57931K, committed 59008K, reserved 1114112K
  class space    used 6483K, committed 6912K, reserved 1048576K
}
Event: 30.238 GC heap after
{Heap after GC invocations=109 (full 5):
 PSYoungGen      total 4096K, used 572K [0x00000000eab00000, 0x00000000eb000000, 0x0000000100000000)
  eden space 3072K, 0% used [0x00000000eab00000,0x00000000eab00000,0x00000000eae00000)
  from space 1024K, 55% used [0x00000000eaf00000,0x00000000eaf8f1a0,0x00000000eb000000)
  to   space 1024K, 0% used [0x00000000eae00000,0x00000000eae00000,0x00000000eaf00000)
 ParOldGen       total 140288K, used 130895K [0x00000000c0000000, 0x00000000c8900000, 0x00000000eab00000)
  object space 140288K, 93% used [0x00000000c0000000,0x00000000c7fd3e38,0x00000000c8900000)
 Metaspace       used 57931K, committed 59008K, reserved 1114112K
  class space    used 6483K, committed 6912K, reserved 1048576K
}
Event: 30.267 GC heap before
{Heap before GC invocations=110 (full 5):
 PSYoungGen      total 4096K, used 3644K [0x00000000eab00000, 0x00000000eb000000, 0x0000000100000000)
  eden space 3072K, 100% used [0x00000000eab00000,0x00000000eae00000,0x00000000eae00000)
  from space 1024K, 55% used [0x00000000eaf00000,0x00000000eaf8f1a0,0x00000000eb000000)
  to   space 1024K, 0% used [0x00000000eae00000,0x00000000eae00000,0x00000000eaf00000)
 ParOldGen       total 140288K, used 130895K [0x00000000c0000000, 0x00000000c8900000, 0x00000000eab00000)
  object space 140288K, 93% used [0x00000000c0000000,0x00000000c7fd3e38,0x00000000c8900000)
 Metaspace       used 58051K, committed 59072K, reserved 1114112K
  class space    used 6503K, committed 6912K, reserved 1048576K
}
Event: 30.269 GC heap after
{Heap after GC invocations=110 (full 5):
 PSYoungGen      total 4096K, used 537K [0x00000000eab00000, 0x00000000eb000000, 0x0000000100000000)
  eden space 3072K, 0% used [0x00000000eab00000,0x00000000eab00000,0x00000000eae00000)
  from space 1024K, 52% used [0x00000000eae00000,0x00000000eae864a8,0x00000000eaf00000)
  to   space 1024K, 0% used [0x00000000eaf00000,0x00000000eaf00000,0x00000000eb000000)
 ParOldGen       total 140288K, used 131411K [0x00000000c0000000, 0x00000000c8900000, 0x00000000eab00000)
  object space 140288K, 93% used [0x00000000c0000000,0x00000000c8054df0,0x00000000c8900000)
 Metaspace       used 58051K, committed 59072K, reserved 1114112K
  class space    used 6503K, committed 6912K, reserved 1048576K
}
Event: 30.314 GC heap before
{Heap before GC invocations=111 (full 5):
 PSYoungGen      total 4096K, used 3609K [0x00000000eab00000, 0x00000000eb000000, 0x0000000100000000)
  eden space 3072K, 100% used [0x00000000eab00000,0x00000000eae00000,0x00000000eae00000)
  from space 1024K, 52% used [0x00000000eae00000,0x00000000eae864a8,0x00000000eaf00000)
  to   space 1024K, 0% used [0x00000000eaf00000,0x00000000eaf00000,0x00000000eb000000)
 ParOldGen       total 140288K, used 131411K [0x00000000c0000000, 0x00000000c8900000, 0x00000000eab00000)
  object space 140288K, 93% used [0x00000000c0000000,0x00000000c8054df0,0x00000000c8900000)
 Metaspace       used 58186K, committed 59200K, reserved 1114112K
  class space    used 6526K, committed 6912K, reserved 1048576K
}
Event: 30.316 GC heap after
{Heap after GC invocations=111 (full 5):
 PSYoungGen      total 4096K, used 512K [0x00000000eab00000, 0x00000000eb000000, 0x0000000100000000)
  eden space 3072K, 0% used [0x00000000eab00000,0x00000000eab00000,0x00000000eae00000)
  from space 1024K, 50% used [0x00000000eaf00000,0x00000000eaf80000,0x00000000eb000000)
  to   space 1024K, 0% used [0x00000000eae00000,0x00000000eae00000,0x00000000eaf00000)
 ParOldGen       total 140288K, used 131888K [0x00000000c0000000, 0x00000000c8900000, 0x00000000eab00000)
  object space 140288K, 94% used [0x00000000c0000000,0x00000000c80cc0e0,0x00000000c8900000)
 Metaspace       used 58186K, committed 59200K, reserved 1114112K
  class space    used 6526K, committed 6912K, reserved 1048576K
}
Event: 30.382 GC heap before
{Heap before GC invocations=112 (full 5):
 PSYoungGen      total 4096K, used 3584K [0x00000000eab00000, 0x00000000eb000000, 0x0000000100000000)
  eden space 3072K, 100% used [0x00000000eab00000,0x00000000eae00000,0x00000000eae00000)
  from space 1024K, 50% used [0x00000000eaf00000,0x00000000eaf80000,0x00000000eb000000)
  to   space 1024K, 0% used [0x00000000eae00000,0x00000000eae00000,0x00000000eaf00000)
 ParOldGen       total 140288K, used 131888K [0x00000000c0000000, 0x00000000c8900000, 0x00000000eab00000)
  object space 140288K, 94% used [0x00000000c0000000,0x00000000c80cc0e0,0x00000000c8900000)
 Metaspace       used 58321K, committed 59392K, reserved 1114112K
  class space    used 6551K, committed 6976K, reserved 1048576K
}
Event: 30.384 GC heap after
{Heap after GC invocations=112 (full 5):
 PSYoungGen      total 4096K, used 468K [0x00000000eab00000, 0x00000000eaf80000, 0x0000000100000000)
  eden space 3072K, 0% used [0x00000000eab00000,0x00000000eab00000,0x00000000eae00000)
  from space 1024K, 45% used [0x00000000eae00000,0x00000000eae75240,0x00000000eaf00000)
  to   space 512K, 0% used [0x00000000eaf00000,0x00000000eaf00000,0x00000000eaf80000)
 ParOldGen       total 140288K, used 132334K [0x00000000c0000000, 0x00000000c8900000, 0x00000000eab00000)
  object space 140288K, 94% used [0x00000000c0000000,0x00000000c813bb70,0x00000000c8900000)
 Metaspace       used 58321K, committed 59392K, reserved 1114112K
  class space    used 6551K, committed 6976K, reserved 1048576K
}
Event: 30.637 GC heap before
{Heap before GC invocations=113 (full 5):
 PSYoungGen      total 4096K, used 3540K [0x00000000eab00000, 0x00000000eaf80000, 0x0000000100000000)
  eden space 3072K, 100% used [0x00000000eab00000,0x00000000eae00000,0x00000000eae00000)
  from space 1024K, 45% used [0x00000000eae00000,0x00000000eae75240,0x00000000eaf00000)
  to   space 512K, 0% used [0x00000000eaf00000,0x00000000eaf00000,0x00000000eaf80000)
 ParOldGen       total 140288K, used 132334K [0x00000000c0000000, 0x00000000c8900000, 0x00000000eab00000)
  object space 140288K, 94% used [0x00000000c0000000,0x00000000c813bb70,0x00000000c8900000)
 Metaspace       used 58574K, committed 59584K, reserved 1114112K
  class space    used 6590K, committed 6976K, reserved 1048576K
}
Event: 30.640 GC heap after
{Heap after GC invocations=113 (full 5):
 PSYoungGen      total 3584K, used 344K [0x00000000eab00000, 0x00000000eaf80000, 0x0000000100000000)
  eden space 3072K, 0% used [0x00000000eab00000,0x00000000eab00000,0x00000000eae00000)
  from space 512K, 67% used [0x00000000eaf00000,0x00000000eaf562e8,0x00000000eaf80000)
  to   space 512K, 0% used [0x00000000eae80000,0x00000000eae80000,0x00000000eaf00000)
 ParOldGen       total 140288K, used 132721K [0x00000000c0000000, 0x00000000c8900000, 0x00000000eab00000)
  object space 140288K, 94% used [0x00000000c0000000,0x00000000c819c4a0,0x00000000c8900000)
 Metaspace       used 58574K, committed 59584K, reserved 1114112K
  class space    used 6590K, committed 6976K, reserved 1048576K
}
Event: 30.724 GC heap before
{Heap before GC invocations=114 (full 5):
 PSYoungGen      total 3584K, used 3416K [0x00000000eab00000, 0x00000000eaf80000, 0x0000000100000000)
  eden space 3072K, 100% used [0x00000000eab00000,0x00000000eae00000,0x00000000eae00000)
  from space 512K, 67% used [0x00000000eaf00000,0x00000000eaf562e8,0x00000000eaf80000)
  to   space 512K, 0% used [0x00000000eae80000,0x00000000eae80000,0x00000000eaf00000)
 ParOldGen       total 140288K, used 132721K [0x00000000c0000000, 0x00000000c8900000, 0x00000000eab00000)
  object space 140288K, 94% used [0x00000000c0000000,0x00000000c819c4a0,0x00000000c8900000)
 Metaspace       used 58770K, committed 59776K, reserved 1114112K
  class space    used 6630K, committed 7040K, reserved 1048576K
}
Event: 30.727 GC heap after
{Heap after GC invocations=114 (full 5):
 PSYoungGen      total 3584K, used 384K [0x00000000eab00000, 0x00000000eaf80000, 0x0000000100000000)
  eden space 3072K, 0% used [0x00000000eab00000,0x00000000eab00000,0x00000000eae00000)
  from space 512K, 75% used [0x00000000eae80000,0x00000000eaee0000,0x00000000eaf00000)
  to   space 512K, 0% used [0x00000000eaf00000,0x00000000eaf00000,0x00000000eaf80000)
 ParOldGen       total 140288K, used 132979K [0x00000000c0000000, 0x00000000c8900000, 0x00000000eab00000)
  object space 140288K, 94% used [0x00000000c0000000,0x00000000c81dcf60,0x00000000c8900000)
 Metaspace       used 58770K, committed 59776K, reserved 1114112K
  class space    used 6630K, committed 7040K, reserved 1048576K
}
Event: 30.787 GC heap before
{Heap before GC invocations=115 (full 5):
 PSYoungGen      total 3584K, used 3456K [0x00000000eab00000, 0x00000000eaf80000, 0x0000000100000000)
  eden space 3072K, 100% used [0x00000000eab00000,0x00000000eae00000,0x00000000eae00000)
  from space 512K, 75% used [0x00000000eae80000,0x00000000eaee0000,0x00000000eaf00000)
  to   space 512K, 0% used [0x00000000eaf00000,0x00000000eaf00000,0x00000000eaf80000)
 ParOldGen       total 140288K, used 132979K [0x00000000c0000000, 0x00000000c8900000, 0x00000000eab00000)
  object space 140288K, 94% used [0x00000000c0000000,0x00000000c81dcf60,0x00000000c8900000)
 Metaspace       used 58985K, committed 60032K, reserved 1114112K
  class space    used 6660K, committed 7040K, reserved 1048576K
}
Event: 30.789 GC heap after
{Heap after GC invocations=115 (full 5):
 PSYoungGen      total 3584K, used 480K [0x00000000eab00000, 0x00000000eb000000, 0x0000000100000000)
  eden space 3072K, 0% used [0x00000000eab00000,0x00000000eab00000,0x00000000eae00000)
  from space 512K, 93% used [0x00000000eaf00000,0x00000000eaf78300,0x00000000eaf80000)
  to   space 1024K, 0% used [0x00000000eae00000,0x00000000eae00000,0x00000000eaf00000)
 ParOldGen       total 140288K, used 133302K [0x00000000c0000000, 0x00000000c8900000, 0x00000000eab00000)
  object space 140288K, 95% used [0x00000000c0000000,0x00000000c822d860,0x00000000c8900000)
 Metaspace       used 58985K, committed 60032K, reserved 1114112K
  class space    used 6660K, committed 7040K, reserved 1048576K
}

