# JRE version: OpenJDK Runtime Environment Temurin-17.0.9+9 (17.0.9+9) (build 17.0.9+9)
# Java VM: OpenJDK 64-Bit Server VM Temurin-17.0.9+9 (17.0.9+9, mixed mode, tiered, compressed oops, compressed class ptrs, parallel gc, windows-amd64)
GC Precious Log:
 CPUs: 4 total, 4 available
 Memory: 8108M
 Large Page Support: Disabled
 NUMA Support: Disabled
 Compressed Oops: Enabled (32-bit)
 Alignments: Space 512K, Generation 512K, Heap 2M
 Heap Min Capacity: 100M
 Heap Initial Capacity: 100M
 Heap Max Capacity: 1G
 Pre-touch: Disabled
 Parallel Workers: 4
Heap:
 PSYoungGen      total 15872K, used 6953K [0x00000000eab00000, 0x00000000ebf80000, 0x0000000100000000)
  eden space 10752K, 20% used [0x00000000eab00000,0x00000000ead28868,0x00000000eb580000)
  from space 5120K, 92% used [0x00000000eb780000,0x00000000ebc21bf8,0x00000000ebc80000)
  to   space 3072K, 0% used [0x00000000ebc80000,0x00000000ebc80000,0x00000000ebf80000)
 ParOldGen       total 351744K, used 337506K [0x00000000c0000000, 0x00000000d5780000, 0x00000000eab00000)
  object space 351744K, 95% used [0x00000000c0000000,0x00000000d4998b40,0x00000000d5780000)
 Metaspace       used 72091K, committed 73344K, reserved 1114112K
  class space    used 8665K, committed 9152K, reserved 1048576K
GC Heap History (20 events):
Event: 50.485 GC heap before
{Heap before GC invocations=304 (full 12):
 PSYoungGen      total 11264K, used 9839K [0x00000000eab00000, 0x00000000ebd00000, 0x0000000100000000)
  eden space 4096K, 83% used [0x00000000eab00000,0x00000000eae5bf78,0x00000000eaf00000)
  from space 7168K, 89% used [0x00000000eaf00000,0x00000000eb53fd48,0x00000000eb600000)
  to   space 6656K, 0% used [0x00000000eb680000,0x00000000eb680000,0x00000000ebd00000)
 ParOldGen       total 322048K, used 308618K [0x00000000c0000000, 0x00000000d3a80000, 0x00000000eab00000)
  object space 322048K, 95% used [0x00000000c0000000,0x00000000d2d62a18,0x00000000d3a80000)
 Metaspace       used 71390K, committed 72576K, reserved 1114112K
  class space    used 8591K, committed 9152K, reserved 1048576K
}
Event: 50.675 GC heap after
{Heap after GC invocations=304 (full 12):
 PSYoungGen      total 8704K, used 3467K [0x00000000eab00000, 0x00000000eba00000, 0x0000000100000000)
  eden space 5120K, 0% used [0x00000000eab00000,0x00000000eab00000,0x00000000eb000000)
  from space 3584K, 96% used [0x00000000eb680000,0x00000000eb9e2c90,0x00000000eba00000)
  to   space 4608K, 0% used [0x00000000eb100000,0x00000000eb100000,0x00000000eb580000)
 ParOldGen       total 322048K, used 314969K [0x00000000c0000000, 0x00000000d3a80000, 0x00000000eab00000)
  object space 322048K, 97% used [0x00000000c0000000,0x00000000d33966f0,0x00000000d3a80000)
 Metaspace       used 71390K, committed 72576K, reserved 1114112K
  class space    used 8591K, committed 9152K, reserved 1048576K
}
Event: 50.797 GC heap before
{Heap before GC invocations=305 (full 12):
 PSYoungGen      total 8704K, used 8587K [0x00000000eab00000, 0x00000000eba00000, 0x0000000100000000)
  eden space 5120K, 100% used [0x00000000eab00000,0x00000000eb000000,0x00000000eb000000)
  from space 3584K, 96% used [0x00000000eb680000,0x00000000eb9e2c90,0x00000000eba00000)
  to   space 4608K, 0% used [0x00000000eb100000,0x00000000eb100000,0x00000000eb580000)
 ParOldGen       total 322048K, used 314969K [0x00000000c0000000, 0x00000000d3a80000, 0x00000000eab00000)
  object space 322048K, 97% used [0x00000000c0000000,0x00000000d33966f0,0x00000000d3a80000)
 Metaspace       used 71390K, committed 72576K, reserved 1114112K
  class space    used 8591K, committed 9152K, reserved 1048576K
}
Event: 50.810 GC heap after
{Heap after GC invocations=305 (full 12):
 PSYoungGen      total 10752K, used 4590K [0x00000000eab00000, 0x00000000ec400000, 0x0000000100000000)
  eden space 6144K, 0% used [0x00000000eab00000,0x00000000eab00000,0x00000000eb100000)
  from space 4608K, 99% used [0x00000000eb100000,0x00000000eb57bb78,0x00000000eb580000)
  to   space 9728K, 0% used [0x00000000eba80000,0x00000000eba80000,0x00000000ec400000)
 ParOldGen       total 322048K, used 318906K [0x00000000c0000000, 0x00000000d3a80000, 0x00000000eab00000)
  object space 322048K, 99% used [0x00000000c0000000,0x00000000d376e818,0x00000000d3a80000)
 Metaspace       used 71390K, committed 72576K, reserved 1114112K
  class space    used 8591K, committed 9152K, reserved 1048576K
}
Event: 50.810 GC heap before
{Heap before GC invocations=306 (full 13):
 PSYoungGen      total 10752K, used 4590K [0x00000000eab00000, 0x00000000ec400000, 0x0000000100000000)
  eden space 6144K, 0% used [0x00000000eab00000,0x00000000eab00000,0x00000000eb100000)
  from space 4608K, 99% used [0x00000000eb100000,0x00000000eb57bb78,0x00000000eb580000)
  to   space 9728K, 0% used [0x00000000eba80000,0x00000000eba80000,0x00000000ec400000)
 ParOldGen       total 322048K, used 318906K [0x00000000c0000000, 0x00000000d3a80000, 0x00000000eab00000)
  object space 322048K, 99% used [0x00000000c0000000,0x00000000d376e818,0x00000000d3a80000)
 Metaspace       used 71390K, committed 72576K, reserved 1114112K
  class space    used 8591K, committed 9152K, reserved 1048576K
}
Event: 51.152 GC heap after
{Heap after GC invocations=306 (full 13):
 PSYoungGen      total 15872K, used 0K [0x00000000eab00000, 0x00000000ec500000, 0x0000000100000000)
  eden space 6144K, 0% used [0x00000000eab00000,0x00000000eab00000,0x00000000eb100000)
  from space 9728K, 0% used [0x00000000eba80000,0x00000000eba80000,0x00000000ec400000)
  to   space 9728K, 0% used [0x00000000eb100000,0x00000000eb100000,0x00000000eba80000)
 ParOldGen       total 351744K, used 316254K [0x00000000c0000000, 0x00000000d5780000, 0x00000000eab00000)
  object space 351744K, 89% used [0x00000000c0000000,0x00000000d34d7828,0x00000000d5780000)
 Metaspace       used 71390K, committed 72576K, reserved 1114112K
  class space    used 8591K, committed 9152K, reserved 1048576K
}
Event: 51.410 GC heap before
{Heap before GC invocations=307 (full 13):
 PSYoungGen      total 15872K, used 6144K [0x00000000eab00000, 0x00000000ec500000, 0x0000000100000000)
  eden space 6144K, 100% used [0x00000000eab00000,0x00000000eb100000,0x00000000eb100000)
  from space 9728K, 0% used [0x00000000eba80000,0x00000000eba80000,0x00000000ec400000)
  to   space 9728K, 0% used [0x00000000eb100000,0x00000000eb100000,0x00000000eba80000)
 ParOldGen       total 351744K, used 316254K [0x00000000c0000000, 0x00000000d5780000, 0x00000000eab00000)
  object space 351744K, 89% used [0x00000000c0000000,0x00000000d34d7828,0x00000000d5780000)
 Metaspace       used 71390K, committed 72576K, reserved 1114112K
  class space    used 8591K, committed 9152K, reserved 1048576K
}
Event: 51.419 GC heap after
{Heap after GC invocations=307 (full 13):
 PSYoungGen      total 12800K, used 6221K [0x00000000eab00000, 0x00000000ec000000, 0x0000000100000000)
  eden space 6144K, 0% used [0x00000000eab00000,0x00000000eab00000,0x00000000eb100000)
  from space 6656K, 93% used [0x00000000eb100000,0x00000000eb7137b0,0x00000000eb780000)
  to   space 7168K, 0% used [0x00000000eb900000,0x00000000eb900000,0x00000000ec000000)
 ParOldGen       total 351744K, used 316254K [0x00000000c0000000, 0x00000000d5780000, 0x00000000eab00000)
  object space 351744K, 89% used [0x00000000c0000000,0x00000000d34d7828,0x00000000d5780000)
 Metaspace       used 71390K, committed 72576K, reserved 1114112K
  class space    used 8591K, committed 9152K, reserved 1048576K
}
Event: 51.755 GC heap before
{Heap before GC invocations=308 (full 13):
 PSYoungGen      total 12800K, used 12365K [0x00000000eab00000, 0x00000000ec000000, 0x0000000100000000)
  eden space 6144K, 100% used [0x00000000eab00000,0x00000000eb100000,0x00000000eb100000)
  from space 6656K, 93% used [0x00000000eb100000,0x00000000eb7137b0,0x00000000eb780000)
  to   space 7168K, 0% used [0x00000000eb900000,0x00000000eb900000,0x00000000ec000000)
 ParOldGen       total 351744K, used 316254K [0x00000000c0000000, 0x00000000d5780000, 0x00000000eab00000)
  object space 351744K, 89% used [0x00000000c0000000,0x00000000d34d7828,0x00000000d5780000)
 Metaspace       used 71411K, committed 72640K, reserved 1114112K
  class space    used 8591K, committed 9152K, reserved 1048576K
}
Event: 51.771 GC heap after
{Heap after GC invocations=308 (full 13):
 PSYoungGen      total 12800K, used 5631K [0x00000000eab00000, 0x00000000ebe80000, 0x0000000100000000)
  eden space 7168K, 0% used [0x00000000eab00000,0x00000000eab00000,0x00000000eb200000)
  from space 5632K, 99% used [0x00000000eb900000,0x00000000ebe7fcc0,0x00000000ebe80000)
  to   space 6144K, 0% used [0x00000000eb280000,0x00000000eb280000,0x00000000eb880000)
 ParOldGen       total 351744K, used 322144K [0x00000000c0000000, 0x00000000d5780000, 0x00000000eab00000)
  object space 351744K, 91% used [0x00000000c0000000,0x00000000d3a98310,0x00000000d5780000)
 Metaspace       used 71411K, committed 72640K, reserved 1114112K
  class space    used 8591K, committed 9152K, reserved 1048576K
}
Event: 52.857 GC heap before
{Heap before GC invocations=309 (full 13):
 PSYoungGen      total 12800K, used 12799K [0x00000000eab00000, 0x00000000ebe80000, 0x0000000100000000)
  eden space 7168K, 100% used [0x00000000eab00000,0x00000000eb200000,0x00000000eb200000)
  from space 5632K, 99% used [0x00000000eb900000,0x00000000ebe7fcc0,0x00000000ebe80000)
  to   space 6144K, 0% used [0x00000000eb280000,0x00000000eb280000,0x00000000eb880000)
 ParOldGen       total 351744K, used 322144K [0x00000000c0000000, 0x00000000d5780000, 0x00000000eab00000)
  object space 351744K, 91% used [0x00000000c0000000,0x00000000d3a98310,0x00000000d5780000)
 Metaspace       used 71411K, committed 72640K, reserved 1114112K
  class space    used 8591K, committed 9152K, reserved 1048576K
}
Event: 52.870 GC heap after
{Heap after GC invocations=309 (full 13):
 PSYoungGen      total 13824K, used 6127K [0x00000000eab00000, 0x00000000ec900000, 0x0000000100000000)
  eden space 7680K, 0% used [0x00000000eab00000,0x00000000eab00000,0x00000000eb280000)
  from space 6144K, 99% used [0x00000000eb280000,0x00000000eb87bd50,0x00000000eb880000)
  to   space 11264K, 0% used [0x00000000ebe00000,0x00000000ebe00000,0x00000000ec900000)
 ParOldGen       total 351744K, used 326181K [0x00000000c0000000, 0x00000000d5780000, 0x00000000eab00000)
  object space 351744K, 92% used [0x00000000c0000000,0x00000000d3e89760,0x00000000d5780000)
 Metaspace       used 71411K, committed 72640K, reserved 1114112K
  class space    used 8591K, committed 9152K, reserved 1048576K
}
Event: 52.976 GC heap before
{Heap before GC invocations=310 (full 13):
 PSYoungGen      total 13824K, used 13807K [0x00000000eab00000, 0x00000000ec900000, 0x0000000100000000)
  eden space 7680K, 100% used [0x00000000eab00000,0x00000000eb280000,0x00000000eb280000)
  from space 6144K, 99% used [0x00000000eb280000,0x00000000eb87bd50,0x00000000eb880000)
  to   space 11264K, 0% used [0x00000000ebe00000,0x00000000ebe00000,0x00000000ec900000)
 ParOldGen       total 351744K, used 326181K [0x00000000c0000000, 0x00000000d5780000, 0x00000000eab00000)
  object space 351744K, 92% used [0x00000000c0000000,0x00000000d3e89760,0x00000000d5780000)
 Metaspace       used 71524K, committed 72704K, reserved 1114112K
  class space    used 8608K, committed 9152K, reserved 1048576K
}
Event: 52.988 GC heap after
{Heap after GC invocations=310 (full 13):
 PSYoungGen      total 11264K, used 2367K [0x00000000eab00000, 0x00000000ec080000, 0x0000000100000000)
  eden space 8704K, 0% used [0x00000000eab00000,0x00000000eab00000,0x00000000eb380000)
  from space 2560K, 92% used [0x00000000ebe00000,0x00000000ec04fe48,0x00000000ec080000)
  to   space 5632K, 0% used [0x00000000eb580000,0x00000000eb580000,0x00000000ebb00000)
 ParOldGen       total 351744K, used 332336K [0x00000000c0000000, 0x00000000d5780000, 0x00000000eab00000)
  object space 351744K, 94% used [0x00000000c0000000,0x00000000d448c3e0,0x00000000d5780000)
 Metaspace       used 71524K, committed 72704K, reserved 1114112K
  class space    used 8608K, committed 9152K, reserved 1048576K
}
Event: 53.051 GC heap before
{Heap before GC invocations=311 (full 13):
 PSYoungGen      total 11264K, used 11040K [0x00000000eab00000, 0x00000000ec080000, 0x0000000100000000)
  eden space 8704K, 99% used [0x00000000eab00000,0x00000000eb378250,0x00000000eb380000)
  from space 2560K, 92% used [0x00000000ebe00000,0x00000000ec04fe48,0x00000000ec080000)
  to   space 5632K, 0% used [0x00000000eb580000,0x00000000eb580000,0x00000000ebb00000)
 ParOldGen       total 351744K, used 332336K [0x00000000c0000000, 0x00000000d5780000, 0x00000000eab00000)
  object space 351744K, 94% used [0x00000000c0000000,0x00000000d448c3e0,0x00000000d5780000)
 Metaspace       used 71526K, committed 72704K, reserved 1114112K
  class space    used 8609K, committed 9152K, reserved 1048576K
}
Event: 53.059 GC heap after
{Heap after GC invocations=311 (full 13):
 PSYoungGen      total 15360K, used 5627K [0x00000000eab00000, 0x00000000ec980000, 0x0000000100000000)
  eden space 9728K, 0% used [0x00000000eab00000,0x00000000eab00000,0x00000000eb480000)
  from space 5632K, 99% used [0x00000000eb580000,0x00000000ebafed58,0x00000000ebb00000)
  to   space 10752K, 0% used [0x00000000ebf00000,0x00000000ebf00000,0x00000000ec980000)
 ParOldGen       total 351744K, used 335938K [0x00000000c0000000, 0x00000000d5780000, 0x00000000eab00000)
  object space 351744K, 95% used [0x00000000c0000000,0x00000000d4810b40,0x00000000d5780000)
 Metaspace       used 71526K, committed 72704K, reserved 1114112K
  class space    used 8609K, committed 9152K, reserved 1048576K
}
Event: 53.241 GC heap before
{Heap before GC invocations=312 (full 13):
 PSYoungGen      total 15360K, used 15347K [0x00000000eab00000, 0x00000000ec980000, 0x0000000100000000)
  eden space 9728K, 99% used [0x00000000eab00000,0x00000000eb47e0d8,0x00000000eb480000)
  from space 5632K, 99% used [0x00000000eb580000,0x00000000ebafed58,0x00000000ebb00000)
  to   space 10752K, 0% used [0x00000000ebf00000,0x00000000ebf00000,0x00000000ec980000)
 ParOldGen       total 351744K, used 335938K [0x00000000c0000000, 0x00000000d5780000, 0x00000000eab00000)
  object space 351744K, 95% used [0x00000000c0000000,0x00000000d4810b40,0x00000000d5780000)
 Metaspace       used 71561K, committed 72768K, reserved 1114112K
  class space    used 8611K, committed 9152K, reserved 1048576K
}
Event: 53.249 GC heap after
{Heap after GC invocations=312 (full 13):
 PSYoungGen      total 15360K, used 4322K [0x00000000eab00000, 0x00000000ec380000, 0x0000000100000000)
  eden space 10752K, 0% used [0x00000000eab00000,0x00000000eab00000,0x00000000eb580000)
  from space 4608K, 93% used [0x00000000ebf00000,0x00000000ec338bf8,0x00000000ec380000)
  to   space 6144K, 0% used [0x00000000eb780000,0x00000000eb780000,0x00000000ebd80000)
 ParOldGen       total 351744K, used 337498K [0x00000000c0000000, 0x00000000d5780000, 0x00000000eab00000)
  object space 351744K, 95% used [0x00000000c0000000,0x00000000d4996b40,0x00000000d5780000)
 Metaspace       used 71561K, committed 72768K, reserved 1114112K
  class space    used 8611K, committed 9152K, reserved 1048576K
}
Event: 1554.427 GC heap before
{Heap before GC invocations=313 (full 13):
 PSYoungGen      total 15360K, used 15074K [0x00000000eab00000, 0x00000000ec380000, 0x0000000100000000)
  eden space 10752K, 100% used [0x00000000eab00000,0x00000000eb580000,0x00000000eb580000)
  from space 4608K, 93% used [0x00000000ebf00000,0x00000000ec338bf8,0x00000000ec380000)
  to   space 6144K, 0% used [0x00000000eb780000,0x00000000eb780000,0x00000000ebd80000)
 ParOldGen       total 351744K, used 337498K [0x00000000c0000000, 0x00000000d5780000, 0x00000000eab00000)
  object space 351744K, 95% used [0x00000000c0000000,0x00000000d4996b40,0x00000000d5780000)
 Metaspace       used 72090K, committed 73344K, reserved 1114112K
  class space    used 8665K, committed 9152K, reserved 1048576K
}
Event: 1555.753 GC heap after
{Heap after GC invocations=313 (full 13):
 PSYoungGen      total 15872K, used 4742K [0x00000000eab00000, 0x00000000ebf80000, 0x0000000100000000)
  eden space 10752K, 0% used [0x00000000eab00000,0x00000000eab00000,0x00000000eb580000)
  from space 5120K, 92% used [0x00000000eb780000,0x00000000ebc21bf8,0x00000000ebc80000)
  to   space 3072K, 0% used [0x00000000ebc80000,0x00000000ebc80000,0x00000000ebf80000)
 ParOldGen       total 351744K, used 337506K [0x00000000c0000000, 0x00000000d5780000, 0x00000000eab00000)
  object space 351744K, 95% used [0x00000000c0000000,0x00000000d4998b40,0x00000000d5780000)
 Metaspace       used 72090K, committed 73344K, reserved 1114112K
  class space    used 8665K, committed 9152K, reserved 1048576K
}

