# JRE version: OpenJDK Runtime Environment Temurin-17.0.9+9 (17.0.9+9) (build 17.0.9+9)
# Java VM: OpenJDK 64-Bit Server VM Temurin-17.0.9+9 (17.0.9+9, mixed mode, tiered, compressed oops, compressed class ptrs, parallel gc, windows-amd64)
GC Precious Log:
 CPUs: 4 total, 4 available
 Memory: 8108M
 Large Page Support: Disabled
 NUMA Support: Disabled
 Compressed Oops: Enabled (32-bit)
 Alignments: Space 512K, Generation 512K, Heap 2M
 Heap Min Capacity: 100M
 Heap Initial Capacity: 100M
 Heap Max Capacity: 1G
 Pre-touch: Disabled
 Parallel Workers: 4
Heap:
 PSYoungGen      total 8704K, used 5073K [0x00000000eab00000, 0x00000000eb680000, 0x0000000100000000)
  eden space 5632K, 38% used [0x00000000eab00000,0x00000000ead1e458,0x00000000eb080000)
  from space 3072K, 94% used [0x00000000eb380000,0x00000000eb655fc8,0x00000000eb680000)
  to   space 3072K, 0% used [0x00000000eb080000,0x00000000eb080000,0x00000000eb380000)
 ParOldGen       total 288768K, used 281139K [0x00000000c0000000, 0x00000000d1a00000, 0x00000000eab00000)
  object space 288768K, 97% used [0x00000000c0000000,0x00000000d128ce80,0x00000000d1a00000)
 Metaspace       used 64430K, committed 65536K, reserved 1114112K
  class space    used 7408K, committed 7872K, reserved 1048576K
GC Heap History (20 events):
Event: 114.887 GC heap before
{Heap before GC invocations=305 (full 11):
 PSYoungGen      total 6144K, used 5728K [0x00000000eab00000, 0x00000000eb280000, 0x0000000100000000)
  eden space 5632K, 100% used [0x00000000eab00000,0x00000000eb080000,0x00000000eb080000)
  from space 512K, 18% used [0x00000000eb200000,0x00000000eb218000,0x00000000eb280000)
  to   space 512K, 0% used [0x00000000eb100000,0x00000000eb100000,0x00000000eb180000)
 ParOldGen       total 288768K, used 280441K [0x00000000c0000000, 0x00000000d1a00000, 0x00000000eab00000)
  object space 288768K, 97% used [0x00000000c0000000,0x00000000d11de668,0x00000000d1a00000)
 Metaspace       used 63599K, committed 64704K, reserved 1114112K
  class space    used 7329K, committed 7808K, reserved 1048576K
}
Event: 114.891 GC heap after
{Heap after GC invocations=305 (full 11):
 PSYoungGen      total 6144K, used 311K [0x00000000eab00000, 0x00000000eb280000, 0x0000000100000000)
  eden space 5632K, 0% used [0x00000000eab00000,0x00000000eab00000,0x00000000eb080000)
  from space 512K, 60% used [0x00000000eb100000,0x00000000eb14dd08,0x00000000eb180000)
  to   space 512K, 0% used [0x00000000eb200000,0x00000000eb200000,0x00000000eb280000)
 ParOldGen       total 288768K, used 280449K [0x00000000c0000000, 0x00000000d1a00000, 0x00000000eab00000)
  object space 288768K, 97% used [0x00000000c0000000,0x00000000d11e0668,0x00000000d1a00000)
 Metaspace       used 63599K, committed 64704K, reserved 1114112K
  class space    used 7329K, committed 7808K, reserved 1048576K
}
Event: 115.013 GC heap before
{Heap before GC invocations=306 (full 11):
 PSYoungGen      total 6144K, used 5943K [0x00000000eab00000, 0x00000000eb280000, 0x0000000100000000)
  eden space 5632K, 100% used [0x00000000eab00000,0x00000000eb080000,0x00000000eb080000)
  from space 512K, 60% used [0x00000000eb100000,0x00000000eb14dd08,0x00000000eb180000)
  to   space 512K, 0% used [0x00000000eb200000,0x00000000eb200000,0x00000000eb280000)
 ParOldGen       total 288768K, used 280451K [0x00000000c0000000, 0x00000000d1a00000, 0x00000000eab00000)
  object space 288768K, 97% used [0x00000000c0000000,0x00000000d11e0ea0,0x00000000d1a00000)
 Metaspace       used 63843K, committed 65024K, reserved 1114112K
  class space    used 7357K, committed 7872K, reserved 1048576K
}
Event: 115.017 GC heap after
{Heap after GC invocations=306 (full 11):
 PSYoungGen      total 6144K, used 503K [0x00000000eab00000, 0x00000000eb280000, 0x0000000100000000)
  eden space 5632K, 0% used [0x00000000eab00000,0x00000000eab00000,0x00000000eb080000)
  from space 512K, 98% used [0x00000000eb200000,0x00000000eb27dfc8,0x00000000eb280000)
  to   space 1024K, 0% used [0x00000000eb080000,0x00000000eb080000,0x00000000eb180000)
 ParOldGen       total 288768K, used 280459K [0x00000000c0000000, 0x00000000d1a00000, 0x00000000eab00000)
  object space 288768K, 97% used [0x00000000c0000000,0x00000000d11e2ea0,0x00000000d1a00000)
 Metaspace       used 63843K, committed 65024K, reserved 1114112K
  class space    used 7357K, committed 7872K, reserved 1048576K
}
Event: 115.028 GC heap before
{Heap before GC invocations=307 (full 11):
 PSYoungGen      total 6144K, used 6135K [0x00000000eab00000, 0x00000000eb280000, 0x0000000100000000)
  eden space 5632K, 100% used [0x00000000eab00000,0x00000000eb080000,0x00000000eb080000)
  from space 512K, 98% used [0x00000000eb200000,0x00000000eb27dfc8,0x00000000eb280000)
  to   space 1024K, 0% used [0x00000000eb080000,0x00000000eb080000,0x00000000eb180000)
 ParOldGen       total 288768K, used 280459K [0x00000000c0000000, 0x00000000d1a00000, 0x00000000eab00000)
  object space 288768K, 97% used [0x00000000c0000000,0x00000000d11e2ea0,0x00000000d1a00000)
 Metaspace       used 63890K, committed 65088K, reserved 1114112K
  class space    used 7361K, committed 7872K, reserved 1048576K
}
Event: 115.031 GC heap after
{Heap after GC invocations=307 (full 11):
 PSYoungGen      total 6656K, used 768K [0x00000000eab00000, 0x00000000eb280000, 0x0000000100000000)
  eden space 5632K, 0% used [0x00000000eab00000,0x00000000eab00000,0x00000000eb080000)
  from space 1024K, 75% used [0x00000000eb080000,0x00000000eb140000,0x00000000eb180000)
  to   space 1024K, 0% used [0x00000000eb180000,0x00000000eb180000,0x00000000eb280000)
 ParOldGen       total 288768K, used 280459K [0x00000000c0000000, 0x00000000d1a00000, 0x00000000eab00000)
  object space 288768K, 97% used [0x00000000c0000000,0x00000000d11e2ea0,0x00000000d1a00000)
 Metaspace       used 63890K, committed 65088K, reserved 1114112K
  class space    used 7361K, committed 7872K, reserved 1048576K
}
Event: 115.070 GC heap before
{Heap before GC invocations=308 (full 11):
 PSYoungGen      total 6656K, used 6400K [0x00000000eab00000, 0x00000000eb280000, 0x0000000100000000)
  eden space 5632K, 100% used [0x00000000eab00000,0x00000000eb080000,0x00000000eb080000)
  from space 1024K, 75% used [0x00000000eb080000,0x00000000eb140000,0x00000000eb180000)
  to   space 1024K, 0% used [0x00000000eb180000,0x00000000eb180000,0x00000000eb280000)
 ParOldGen       total 288768K, used 280459K [0x00000000c0000000, 0x00000000d1a00000, 0x00000000eab00000)
  object space 288768K, 97% used [0x00000000c0000000,0x00000000d11e2ea0,0x00000000d1a00000)
 Metaspace       used 63931K, committed 65088K, reserved 1114112K
  class space    used 7367K, committed 7872K, reserved 1048576K
}
Event: 115.074 GC heap after
{Heap after GC invocations=308 (full 11):
 PSYoungGen      total 6144K, used 1024K [0x00000000eab00000, 0x00000000eb380000, 0x0000000100000000)
  eden space 5120K, 0% used [0x00000000eab00000,0x00000000eab00000,0x00000000eb000000)
  from space 1024K, 100% used [0x00000000eb180000,0x00000000eb280000,0x00000000eb280000)
  to   space 1536K, 0% used [0x00000000eb000000,0x00000000eb000000,0x00000000eb180000)
 ParOldGen       total 288768K, used 280491K [0x00000000c0000000, 0x00000000d1a00000, 0x00000000eab00000)
  object space 288768K, 97% used [0x00000000c0000000,0x00000000d11eaea0,0x00000000d1a00000)
 Metaspace       used 63931K, committed 65088K, reserved 1114112K
  class space    used 7367K, committed 7872K, reserved 1048576K
}
Event: 115.093 GC heap before
{Heap before GC invocations=309 (full 11):
 PSYoungGen      total 6144K, used 6144K [0x00000000eab00000, 0x00000000eb380000, 0x0000000100000000)
  eden space 5120K, 100% used [0x00000000eab00000,0x00000000eb000000,0x00000000eb000000)
  from space 1024K, 100% used [0x00000000eb180000,0x00000000eb280000,0x00000000eb280000)
  to   space 1536K, 0% used [0x00000000eb000000,0x00000000eb000000,0x00000000eb180000)
 ParOldGen       total 288768K, used 280491K [0x00000000c0000000, 0x00000000d1a00000, 0x00000000eab00000)
  object space 288768K, 97% used [0x00000000c0000000,0x00000000d11eaea0,0x00000000d1a00000)
 Metaspace       used 63959K, committed 65088K, reserved 1114112K
  class space    used 7370K, committed 7872K, reserved 1048576K
}
Event: 115.097 GC heap after
{Heap after GC invocations=309 (full 11):
 PSYoungGen      total 6656K, used 1303K [0x00000000eab00000, 0x00000000eb300000, 0x0000000100000000)
  eden space 5120K, 0% used [0x00000000eab00000,0x00000000eab00000,0x00000000eb000000)
  from space 1536K, 84% used [0x00000000eb000000,0x00000000eb145fc8,0x00000000eb180000)
  to   space 1536K, 0% used [0x00000000eb180000,0x00000000eb180000,0x00000000eb300000)
 ParOldGen       total 288768K, used 280531K [0x00000000c0000000, 0x00000000d1a00000, 0x00000000eab00000)
  object space 288768K, 97% used [0x00000000c0000000,0x00000000d11f4ea0,0x00000000d1a00000)
 Metaspace       used 63959K, committed 65088K, reserved 1114112K
  class space    used 7370K, committed 7872K, reserved 1048576K
}
Event: 115.114 GC heap before
{Heap before GC invocations=310 (full 11):
 PSYoungGen      total 6656K, used 6423K [0x00000000eab00000, 0x00000000eb300000, 0x0000000100000000)
  eden space 5120K, 100% used [0x00000000eab00000,0x00000000eb000000,0x00000000eb000000)
  from space 1536K, 84% used [0x00000000eb000000,0x00000000eb145fc8,0x00000000eb180000)
  to   space 1536K, 0% used [0x00000000eb180000,0x00000000eb180000,0x00000000eb300000)
 ParOldGen       total 288768K, used 280531K [0x00000000c0000000, 0x00000000d1a00000, 0x00000000eab00000)
  object space 288768K, 97% used [0x00000000c0000000,0x00000000d11f4ea0,0x00000000d1a00000)
 Metaspace       used 64005K, committed 65152K, reserved 1114112K
  class space    used 7374K, committed 7872K, reserved 1048576K
}
Event: 115.119 GC heap after
{Heap after GC invocations=310 (full 11):
 PSYoungGen      total 6144K, used 1520K [0x00000000eab00000, 0x00000000eb400000, 0x0000000100000000)
  eden space 4608K, 0% used [0x00000000eab00000,0x00000000eab00000,0x00000000eaf80000)
  from space 1536K, 99% used [0x00000000eb180000,0x00000000eb2fc358,0x00000000eb300000)
  to   space 2048K, 0% used [0x00000000eaf80000,0x00000000eaf80000,0x00000000eb180000)
 ParOldGen       total 288768K, used 280651K [0x00000000c0000000, 0x00000000d1a00000, 0x00000000eab00000)
  object space 288768K, 97% used [0x00000000c0000000,0x00000000d1212ea0,0x00000000d1a00000)
 Metaspace       used 64005K, committed 65152K, reserved 1114112K
  class space    used 7374K, committed 7872K, reserved 1048576K
}
Event: 115.142 GC heap before
{Heap before GC invocations=311 (full 11):
 PSYoungGen      total 6144K, used 6128K [0x00000000eab00000, 0x00000000eb400000, 0x0000000100000000)
  eden space 4608K, 100% used [0x00000000eab00000,0x00000000eaf80000,0x00000000eaf80000)
  from space 1536K, 99% used [0x00000000eb180000,0x00000000eb2fc358,0x00000000eb300000)
  to   space 2048K, 0% used [0x00000000eaf80000,0x00000000eaf80000,0x00000000eb180000)
 ParOldGen       total 288768K, used 280651K [0x00000000c0000000, 0x00000000d1a00000, 0x00000000eab00000)
  object space 288768K, 97% used [0x00000000c0000000,0x00000000d1212ea0,0x00000000d1a00000)
 Metaspace       used 64152K, committed 65280K, reserved 1114112K
  class space    used 7384K, committed 7872K, reserved 1048576K
}
Event: 115.146 GC heap after
{Heap after GC invocations=311 (full 11):
 PSYoungGen      total 6656K, used 1893K [0x00000000eab00000, 0x00000000eb380000, 0x0000000100000000)
  eden space 4608K, 0% used [0x00000000eab00000,0x00000000eab00000,0x00000000eaf80000)
  from space 2048K, 92% used [0x00000000eaf80000,0x00000000eb1594d8,0x00000000eb180000)
  to   space 2048K, 0% used [0x00000000eb180000,0x00000000eb180000,0x00000000eb380000)
 ParOldGen       total 288768K, used 280659K [0x00000000c0000000, 0x00000000d1a00000, 0x00000000eab00000)
  object space 288768K, 97% used [0x00000000c0000000,0x00000000d1214ea0,0x00000000d1a00000)
 Metaspace       used 64152K, committed 65280K, reserved 1114112K
  class space    used 7384K, committed 7872K, reserved 1048576K
}
Event: 115.157 GC heap before
{Heap before GC invocations=312 (full 11):
 PSYoungGen      total 6656K, used 6501K [0x00000000eab00000, 0x00000000eb380000, 0x0000000100000000)
  eden space 4608K, 100% used [0x00000000eab00000,0x00000000eaf80000,0x00000000eaf80000)
  from space 2048K, 92% used [0x00000000eaf80000,0x00000000eb1594d8,0x00000000eb180000)
  to   space 2048K, 0% used [0x00000000eb180000,0x00000000eb180000,0x00000000eb380000)
 ParOldGen       total 288768K, used 280659K [0x00000000c0000000, 0x00000000d1a00000, 0x00000000eab00000)
  object space 288768K, 97% used [0x00000000c0000000,0x00000000d1214ea0,0x00000000d1a00000)
 Metaspace       used 64203K, committed 65344K, reserved 1114112K
  class space    used 7391K, committed 7872K, reserved 1048576K
}
Event: 115.161 GC heap after
{Heap after GC invocations=312 (full 11):
 PSYoungGen      total 6656K, used 1991K [0x00000000eab00000, 0x00000000eb480000, 0x0000000100000000)
  eden space 4608K, 0% used [0x00000000eab00000,0x00000000eab00000,0x00000000eaf80000)
  from space 2048K, 97% used [0x00000000eb180000,0x00000000eb371fd8,0x00000000eb380000)
  to   space 2048K, 0% used [0x00000000eaf80000,0x00000000eaf80000,0x00000000eb180000)
 ParOldGen       total 288768K, used 280659K [0x00000000c0000000, 0x00000000d1a00000, 0x00000000eab00000)
  object space 288768K, 97% used [0x00000000c0000000,0x00000000d1214ea0,0x00000000d1a00000)
 Metaspace       used 64203K, committed 65344K, reserved 1114112K
  class space    used 7391K, committed 7872K, reserved 1048576K
}
Event: 115.184 GC heap before
{Heap before GC invocations=313 (full 11):
 PSYoungGen      total 6656K, used 6599K [0x00000000eab00000, 0x00000000eb480000, 0x0000000100000000)
  eden space 4608K, 100% used [0x00000000eab00000,0x00000000eaf80000,0x00000000eaf80000)
  from space 2048K, 97% used [0x00000000eb180000,0x00000000eb371fd8,0x00000000eb380000)
  to   space 2048K, 0% used [0x00000000eaf80000,0x00000000eaf80000,0x00000000eb180000)
 ParOldGen       total 288768K, used 280659K [0x00000000c0000000, 0x00000000d1a00000, 0x00000000eab00000)
  object space 288768K, 97% used [0x00000000c0000000,0x00000000d1214ea0,0x00000000d1a00000)
 Metaspace       used 64203K, committed 65344K, reserved 1114112K
  class space    used 7391K, committed 7872K, reserved 1048576K
}
Event: 115.190 GC heap after
{Heap after GC invocations=313 (full 11):
 PSYoungGen      total 6656K, used 2048K [0x00000000eab00000, 0x00000000eb680000, 0x0000000100000000)
  eden space 4608K, 0% used [0x00000000eab00000,0x00000000eab00000,0x00000000eaf80000)
  from space 2048K, 100% used [0x00000000eaf80000,0x00000000eb180000,0x00000000eb180000)
  to   space 3072K, 0% used [0x00000000eb380000,0x00000000eb380000,0x00000000eb680000)
 ParOldGen       total 288768K, used 281139K [0x00000000c0000000, 0x00000000d1a00000, 0x00000000eab00000)
  object space 288768K, 97% used [0x00000000c0000000,0x00000000d128ce80,0x00000000d1a00000)
 Metaspace       used 64203K, committed 65344K, reserved 1114112K
  class space    used 7391K, committed 7872K, reserved 1048576K
}
Event: 115.257 GC heap before
{Heap before GC invocations=314 (full 11):
 PSYoungGen      total 6656K, used 6656K [0x00000000eab00000, 0x00000000eb680000, 0x0000000100000000)
  eden space 4608K, 100% used [0x00000000eab00000,0x00000000eaf80000,0x00000000eaf80000)
  from space 2048K, 100% used [0x00000000eaf80000,0x00000000eb180000,0x00000000eb180000)
  to   space 3072K, 0% used [0x00000000eb380000,0x00000000eb380000,0x00000000eb680000)
 ParOldGen       total 288768K, used 281139K [0x00000000c0000000, 0x00000000d1a00000, 0x00000000eab00000)
  object space 288768K, 97% used [0x00000000c0000000,0x00000000d128ce80,0x00000000d1a00000)
 Metaspace       used 64414K, committed 65472K, reserved 1114112K
  class space    used 7407K, committed 7872K, reserved 1048576K
}
Event: 115.269 GC heap after
{Heap after GC invocations=314 (full 11):
 PSYoungGen      total 8704K, used 2903K [0x00000000eab00000, 0x00000000eb680000, 0x0000000100000000)
  eden space 5632K, 0% used [0x00000000eab00000,0x00000000eab00000,0x00000000eb080000)
  from space 3072K, 94% used [0x00000000eb380000,0x00000000eb655fc8,0x00000000eb680000)
  to   space 3072K, 0% used [0x00000000eb080000,0x00000000eb080000,0x00000000eb380000)
 ParOldGen       total 288768K, used 281139K [0x00000000c0000000, 0x00000000d1a00000, 0x00000000eab00000)
  object space 288768K, 97% used [0x00000000c0000000,0x00000000d128ce80,0x00000000d1a00000)
 Metaspace       used 64414K, committed 65472K, reserved 1114112K
  class space    used 7407K, committed 7872K, reserved 1048576K
}

