# JRE version: OpenJDK Runtime Environment Temurin-17.0.9+9 (17.0.9+9) (build 17.0.9+9)
# Java VM: OpenJDK 64-Bit Server VM Temurin-17.0.9+9 (17.0.9+9, mixed mode, tiered, compressed oops, compressed class ptrs, parallel gc, windows-amd64)
GC Precious Log:
 CPUs: 4 total, 4 available
 Memory: 8108M
 Large Page Support: Disabled
 NUMA Support: Disabled
 Compressed Oops: Enabled (32-bit)
 Alignments: Space 512K, Generation 512K, Heap 2M
 Heap Min Capacity: 100M
 Heap Initial Capacity: 100M
 Heap Max Capacity: 1G
 Pre-touch: Disabled
 Parallel Workers: 4
Heap:
 PSYoungGen      total 6656K, used 1507K [0x00000000eab00000, 0x00000000eb480000, 0x0000000100000000)
  eden space 4608K, 0% used [0x00000000eab00000,0x00000000eab00000,0x00000000eaf80000)
  from space 2048K, 73% used [0x00000000eaf80000,0x00000000eb0f8ff0,0x00000000eb180000)
  to   space 2560K, 0% used [0x00000000eb200000,0x00000000eb200000,0x00000000eb480000)
 ParOldGen       total 206848K, used 204235K [0x00000000c0000000, 0x00000000cca00000, 0x00000000eab00000)
  object space 206848K, 98% used [0x00000000c0000000,0x00000000cc772e30,0x00000000cca00000)
 Metaspace       used 55407K, committed 56512K, reserved 1114112K
  class space    used 6020K, committed 6464K, reserved 1048576K
GC Heap History (20 events):
Event: 25.439 GC heap before
{Heap before GC invocations=87 (full 7):
 PSYoungGen      total 9728K, used 9700K [0x00000000eab00000, 0x00000000eba00000, 0x0000000100000000)
  eden space 7168K, 100% used [0x00000000eab00000,0x00000000eb200000,0x00000000eb200000)
  from space 2560K, 98% used [0x00000000eb580000,0x00000000eb7f91d0,0x00000000eb800000)
  to   space 3584K, 0% used [0x00000000eb200000,0x00000000eb200000,0x00000000eb580000)
 ParOldGen       total 206848K, used 184249K [0x00000000c0000000, 0x00000000cca00000, 0x00000000eab00000)
  object space 206848K, 89% used [0x00000000c0000000,0x00000000cb3ee4f0,0x00000000cca00000)
 Metaspace       used 54063K, committed 55040K, reserved 1114112K
  class space    used 5788K, committed 6144K, reserved 1048576K
}
Event: 25.448 GC heap after
{Heap after GC invocations=87 (full 7):
 PSYoungGen      total 8704K, used 1367K [0x00000000eab00000, 0x00000000eb700000, 0x0000000100000000)
  eden space 7168K, 0% used [0x00000000eab00000,0x00000000eab00000,0x00000000eb200000)
  from space 1536K, 89% used [0x00000000eb200000,0x00000000eb355e70,0x00000000eb380000)
  to   space 2048K, 0% used [0x00000000eb500000,0x00000000eb500000,0x00000000eb700000)
 ParOldGen       total 206848K, used 186821K [0x00000000c0000000, 0x00000000cca00000, 0x00000000eab00000)
  object space 206848K, 90% used [0x00000000c0000000,0x00000000cb671448,0x00000000cca00000)
 Metaspace       used 54063K, committed 55040K, reserved 1114112K
  class space    used 5788K, committed 6144K, reserved 1048576K
}
Event: 25.535 GC heap before
{Heap before GC invocations=88 (full 7):
 PSYoungGen      total 8704K, used 8535K [0x00000000eab00000, 0x00000000eb700000, 0x0000000100000000)
  eden space 7168K, 100% used [0x00000000eab00000,0x00000000eb200000,0x00000000eb200000)
  from space 1536K, 89% used [0x00000000eb200000,0x00000000eb355e70,0x00000000eb380000)
  to   space 2048K, 0% used [0x00000000eb500000,0x00000000eb500000,0x00000000eb700000)
 ParOldGen       total 206848K, used 186821K [0x00000000c0000000, 0x00000000cca00000, 0x00000000eab00000)
  object space 206848K, 90% used [0x00000000c0000000,0x00000000cb671448,0x00000000cca00000)
 Metaspace       used 54219K, committed 55296K, reserved 1114112K
  class space    used 5813K, committed 6272K, reserved 1048576K
}
Event: 25.546 GC heap after
{Heap after GC invocations=88 (full 7):
 PSYoungGen      total 9216K, used 2032K [0x00000000eab00000, 0x00000000eb900000, 0x0000000100000000)
  eden space 7168K, 0% used [0x00000000eab00000,0x00000000eab00000,0x00000000eb200000)
  from space 2048K, 99% used [0x00000000eb500000,0x00000000eb6fc010,0x00000000eb700000)
  to   space 3072K, 0% used [0x00000000eb200000,0x00000000eb200000,0x00000000eb500000)
 ParOldGen       total 206848K, used 187583K [0x00000000c0000000, 0x00000000cca00000, 0x00000000eab00000)
  object space 206848K, 90% used [0x00000000c0000000,0x00000000cb72fda8,0x00000000cca00000)
 Metaspace       used 54219K, committed 55296K, reserved 1114112K
  class space    used 5813K, committed 6272K, reserved 1048576K
}
Event: 25.597 GC heap before
{Heap before GC invocations=89 (full 7):
 PSYoungGen      total 9216K, used 9200K [0x00000000eab00000, 0x00000000eb900000, 0x0000000100000000)
  eden space 7168K, 100% used [0x00000000eab00000,0x00000000eb200000,0x00000000eb200000)
  from space 2048K, 99% used [0x00000000eb500000,0x00000000eb6fc010,0x00000000eb700000)
  to   space 3072K, 0% used [0x00000000eb200000,0x00000000eb200000,0x00000000eb500000)
 ParOldGen       total 206848K, used 187583K [0x00000000c0000000, 0x00000000cca00000, 0x00000000eab00000)
  object space 206848K, 90% used [0x00000000c0000000,0x00000000cb72fda8,0x00000000cca00000)
 Metaspace       used 54393K, committed 55488K, reserved 1114112K
  class space    used 5847K, committed 6272K, reserved 1048576K
}
Event: 25.605 GC heap after
{Heap after GC invocations=89 (full 7):
 PSYoungGen      total 10240K, used 1295K [0x00000000eab00000, 0x00000000eb700000, 0x0000000100000000)
  eden space 7168K, 0% used [0x00000000eab00000,0x00000000eab00000,0x00000000eb200000)
  from space 3072K, 42% used [0x00000000eb200000,0x00000000eb343ee8,0x00000000eb500000)
  to   space 2048K, 0% used [0x00000000eb500000,0x00000000eb500000,0x00000000eb700000)
 ParOldGen       total 206848K, used 189627K [0x00000000c0000000, 0x00000000cca00000, 0x00000000eab00000)
  object space 206848K, 91% used [0x00000000c0000000,0x00000000cb92ed40,0x00000000cca00000)
 Metaspace       used 54393K, committed 55488K, reserved 1114112K
  class space    used 5847K, committed 6272K, reserved 1048576K
}
Event: 25.679 GC heap before
{Heap before GC invocations=90 (full 7):
 PSYoungGen      total 10240K, used 8463K [0x00000000eab00000, 0x00000000eb700000, 0x0000000100000000)
  eden space 7168K, 100% used [0x00000000eab00000,0x00000000eb200000,0x00000000eb200000)
  from space 3072K, 42% used [0x00000000eb200000,0x00000000eb343ee8,0x00000000eb500000)
  to   space 2048K, 0% used [0x00000000eb500000,0x00000000eb500000,0x00000000eb700000)
 ParOldGen       total 206848K, used 189627K [0x00000000c0000000, 0x00000000cca00000, 0x00000000eab00000)
  object space 206848K, 91% used [0x00000000c0000000,0x00000000cb92ed40,0x00000000cca00000)
 Metaspace       used 54607K, committed 55680K, reserved 1114112K
  class space    used 5887K, committed 6336K, reserved 1048576K
}
Event: 25.684 GC heap after
{Heap after GC invocations=90 (full 7):
 PSYoungGen      total 9216K, used 2030K [0x00000000eab00000, 0x00000000eb900000, 0x0000000100000000)
  eden space 7168K, 0% used [0x00000000eab00000,0x00000000eab00000,0x00000000eb200000)
  from space 2048K, 99% used [0x00000000eb500000,0x00000000eb6fbbb0,0x00000000eb700000)
  to   space 3072K, 0% used [0x00000000eb200000,0x00000000eb200000,0x00000000eb500000)
 ParOldGen       total 206848K, used 190043K [0x00000000c0000000, 0x00000000cca00000, 0x00000000eab00000)
  object space 206848K, 91% used [0x00000000c0000000,0x00000000cb996d40,0x00000000cca00000)
 Metaspace       used 54607K, committed 55680K, reserved 1114112K
  class space    used 5887K, committed 6336K, reserved 1048576K
}
Event: 25.830 GC heap before
{Heap before GC invocations=91 (full 7):
 PSYoungGen      total 9216K, used 9198K [0x00000000eab00000, 0x00000000eb900000, 0x0000000100000000)
  eden space 7168K, 100% used [0x00000000eab00000,0x00000000eb200000,0x00000000eb200000)
  from space 2048K, 99% used [0x00000000eb500000,0x00000000eb6fbbb0,0x00000000eb700000)
  to   space 3072K, 0% used [0x00000000eb200000,0x00000000eb200000,0x00000000eb500000)
 ParOldGen       total 206848K, used 190043K [0x00000000c0000000, 0x00000000cca00000, 0x00000000eab00000)
  object space 206848K, 91% used [0x00000000c0000000,0x00000000cb996d40,0x00000000cca00000)
 Metaspace       used 55002K, committed 56128K, reserved 1114112K
  class space    used 5959K, committed 6400K, reserved 1048576K
}
Event: 25.837 GC heap after
{Heap after GC invocations=91 (full 7):
 PSYoungGen      total 8192K, used 856K [0x00000000eab00000, 0x00000000eb600000, 0x0000000100000000)
  eden space 7168K, 0% used [0x00000000eab00000,0x00000000eab00000,0x00000000eb200000)
  from space 1024K, 83% used [0x00000000eb200000,0x00000000eb2d63c8,0x00000000eb300000)
  to   space 1536K, 0% used [0x00000000eb480000,0x00000000eb480000,0x00000000eb600000)
 ParOldGen       total 206848K, used 192090K [0x00000000c0000000, 0x00000000cca00000, 0x00000000eab00000)
  object space 206848K, 92% used [0x00000000c0000000,0x00000000cbb968e8,0x00000000cca00000)
 Metaspace       used 55002K, committed 56128K, reserved 1114112K
  class space    used 5959K, committed 6400K, reserved 1048576K
}
Event: 26.318 GC heap before
{Heap before GC invocations=92 (full 7):
 PSYoungGen      total 8192K, used 8024K [0x00000000eab00000, 0x00000000eb600000, 0x0000000100000000)
  eden space 7168K, 100% used [0x00000000eab00000,0x00000000eb200000,0x00000000eb200000)
  from space 1024K, 83% used [0x00000000eb200000,0x00000000eb2d63c8,0x00000000eb300000)
  to   space 1536K, 0% used [0x00000000eb480000,0x00000000eb480000,0x00000000eb600000)
 ParOldGen       total 206848K, used 192090K [0x00000000c0000000, 0x00000000cca00000, 0x00000000eab00000)
  object space 206848K, 92% used [0x00000000c0000000,0x00000000cbb968e8,0x00000000cca00000)
 Metaspace       used 55262K, committed 56384K, reserved 1114112K
  class space    used 5996K, committed 6464K, reserved 1048576K
}
Event: 26.321 GC heap after
{Heap after GC invocations=92 (full 7):
 PSYoungGen      total 8704K, used 1534K [0x00000000eab00000, 0x00000000eb700000, 0x0000000100000000)
  eden space 7168K, 0% used [0x00000000eab00000,0x00000000eab00000,0x00000000eb200000)
  from space 1536K, 99% used [0x00000000eb480000,0x00000000eb5ffb00,0x00000000eb600000)
  to   space 2560K, 0% used [0x00000000eb200000,0x00000000eb200000,0x00000000eb480000)
 ParOldGen       total 206848K, used 192524K [0x00000000c0000000, 0x00000000cca00000, 0x00000000eab00000)
  object space 206848K, 93% used [0x00000000c0000000,0x00000000cbc033c0,0x00000000cca00000)
 Metaspace       used 55262K, committed 56384K, reserved 1114112K
  class space    used 5996K, committed 6464K, reserved 1048576K
}
Event: 26.454 GC heap before
{Heap before GC invocations=93 (full 7):
 PSYoungGen      total 8704K, used 8702K [0x00000000eab00000, 0x00000000eb700000, 0x0000000100000000)
  eden space 7168K, 100% used [0x00000000eab00000,0x00000000eb200000,0x00000000eb200000)
  from space 1536K, 99% used [0x00000000eb480000,0x00000000eb5ffb00,0x00000000eb600000)
  to   space 2560K, 0% used [0x00000000eb200000,0x00000000eb200000,0x00000000eb480000)
 ParOldGen       total 206848K, used 192524K [0x00000000c0000000, 0x00000000cca00000, 0x00000000eab00000)
  object space 206848K, 93% used [0x00000000c0000000,0x00000000cbc033c0,0x00000000cca00000)
 Metaspace       used 55383K, committed 56448K, reserved 1114112K
  class space    used 6015K, committed 6464K, reserved 1048576K
}
Event: 26.458 GC heap after
{Heap after GC invocations=93 (full 7):
 PSYoungGen      total 8704K, used 1292K [0x00000000eab00000, 0x00000000eb600000, 0x0000000100000000)
  eden space 7168K, 0% used [0x00000000eab00000,0x00000000eab00000,0x00000000eb200000)
  from space 1536K, 84% used [0x00000000eb200000,0x00000000eb343090,0x00000000eb380000)
  to   space 2048K, 0% used [0x00000000eb400000,0x00000000eb400000,0x00000000eb600000)
 ParOldGen       total 206848K, used 194006K [0x00000000c0000000, 0x00000000cca00000, 0x00000000eab00000)
  object space 206848K, 93% used [0x00000000c0000000,0x00000000cbd75ad0,0x00000000cca00000)
 Metaspace       used 55383K, committed 56448K, reserved 1114112K
  class space    used 6015K, committed 6464K, reserved 1048576K
}
Event: 26.672 GC heap before
{Heap before GC invocations=94 (full 7):
 PSYoungGen      total 8704K, used 8460K [0x00000000eab00000, 0x00000000eb600000, 0x0000000100000000)
  eden space 7168K, 100% used [0x00000000eab00000,0x00000000eb200000,0x00000000eb200000)
  from space 1536K, 84% used [0x00000000eb200000,0x00000000eb343090,0x00000000eb380000)
  to   space 2048K, 0% used [0x00000000eb400000,0x00000000eb400000,0x00000000eb600000)
 ParOldGen       total 206848K, used 194006K [0x00000000c0000000, 0x00000000cca00000, 0x00000000eab00000)
  object space 206848K, 93% used [0x00000000c0000000,0x00000000cbd75ad0,0x00000000cca00000)
 Metaspace       used 55385K, committed 56448K, reserved 1114112K
  class space    used 6015K, committed 6464K, reserved 1048576K
}
Event: 26.676 GC heap after
{Heap after GC invocations=94 (full 7):
 PSYoungGen      total 6656K, used 2041K [0x00000000eab00000, 0x00000000ebb00000, 0x0000000100000000)
  eden space 4608K, 0% used [0x00000000eab00000,0x00000000eab00000,0x00000000eaf80000)
  from space 2048K, 99% used [0x00000000eb400000,0x00000000eb5fe5c0,0x00000000eb600000)
  to   space 4608K, 0% used [0x00000000eaf80000,0x00000000eaf80000,0x00000000eb400000)
 ParOldGen       total 206848K, used 195703K [0x00000000c0000000, 0x00000000cca00000, 0x00000000eab00000)
  object space 206848K, 94% used [0x00000000c0000000,0x00000000cbf1dda0,0x00000000cca00000)
 Metaspace       used 55385K, committed 56448K, reserved 1114112K
  class space    used 6015K, committed 6464K, reserved 1048576K
}
Event: 26.787 GC heap before
{Heap before GC invocations=95 (full 7):
 PSYoungGen      total 6656K, used 6632K [0x00000000eab00000, 0x00000000ebb00000, 0x0000000100000000)
  eden space 4608K, 99% used [0x00000000eab00000,0x00000000eaf7bbd8,0x00000000eaf80000)
  from space 2048K, 99% used [0x00000000eb400000,0x00000000eb5fe5c0,0x00000000eb600000)
  to   space 4608K, 0% used [0x00000000eaf80000,0x00000000eaf80000,0x00000000eb400000)
 ParOldGen       total 206848K, used 195703K [0x00000000c0000000, 0x00000000cca00000, 0x00000000eab00000)
  object space 206848K, 94% used [0x00000000c0000000,0x00000000cbf1dda0,0x00000000cca00000)
 Metaspace       used 55406K, committed 56512K, reserved 1114112K
  class space    used 6020K, committed 6464K, reserved 1048576K
}
Event: 26.791 GC heap after
{Heap after GC invocations=95 (full 7):
 PSYoungGen      total 6656K, used 1805K [0x00000000eab00000, 0x00000000eb480000, 0x0000000100000000)
  eden space 4608K, 0% used [0x00000000eab00000,0x00000000eab00000,0x00000000eaf80000)
  from space 2048K, 88% used [0x00000000eaf80000,0x00000000eb143638,0x00000000eb180000)
  to   space 2560K, 0% used [0x00000000eb200000,0x00000000eb200000,0x00000000eb480000)
 ParOldGen       total 206848K, used 197731K [0x00000000c0000000, 0x00000000cca00000, 0x00000000eab00000)
  object space 206848K, 95% used [0x00000000c0000000,0x00000000cc118cb8,0x00000000cca00000)
 Metaspace       used 55406K, committed 56512K, reserved 1114112K
  class space    used 6020K, committed 6464K, reserved 1048576K
}
Event: 27.030 GC heap before
{Heap before GC invocations=96 (full 7):
 PSYoungGen      total 6656K, used 6413K [0x00000000eab00000, 0x00000000eb480000, 0x0000000100000000)
  eden space 4608K, 100% used [0x00000000eab00000,0x00000000eaf80000,0x00000000eaf80000)
  from space 2048K, 88% used [0x00000000eaf80000,0x00000000eb143638,0x00000000eb180000)
  to   space 2560K, 0% used [0x00000000eb200000,0x00000000eb200000,0x00000000eb480000)
 ParOldGen       total 206848K, used 200821K [0x00000000c0000000, 0x00000000cca00000, 0x00000000eab00000)
  object space 206848K, 97% used [0x00000000c0000000,0x00000000cc41d678,0x00000000cca00000)
 Metaspace       used 55407K, committed 56512K, reserved 1114112K
  class space    used 6020K, committed 6464K, reserved 1048576K
}
Event: 27.033 GC heap after
{Heap after GC invocations=96 (full 7):
 PSYoungGen      total 7168K, used 2546K [0x00000000eab00000, 0x00000000eb480000, 0x0000000100000000)
  eden space 4608K, 0% used [0x00000000eab00000,0x00000000eab00000,0x00000000eaf80000)
  from space 2560K, 99% used [0x00000000eb200000,0x00000000eb47cba8,0x00000000eb480000)
  to   space 2048K, 0% used [0x00000000eaf80000,0x00000000eaf80000,0x00000000eb180000)
 ParOldGen       total 206848K, used 201745K [0x00000000c0000000, 0x00000000cca00000, 0x00000000eab00000)
  object space 206848K, 97% used [0x00000000c0000000,0x00000000cc5046e0,0x00000000cca00000)
 Metaspace       used 55407K, committed 56512K, reserved 1114112K
  class space    used 6020K, committed 6464K, reserved 1048576K
}

