# JRE version: Java(TM) SE Runtime Environment (18.0.2.1+1) (build 18.0.2.1+1-1)
# Java VM: Java HotSpot(TM) 64-Bit Server VM (18.0.2.1+1-1, mixed mode, sharing, tiered, compressed oops, compressed class ptrs, g1 gc, windows-amd64)
GC Precious Log:
 CardTable entry size: 512
 Card Set container configuration: InlinePtr #cards 5 size 8 Array Of Cards #cards 12 size 40 Howl #buckets 4 coarsen threshold 1843 Howl Bitmap #cards 512 size 80 coarsen threshold 460 Card regions per heap region 1 cards per card region 2048
 CPUs: 4 total, 4 available
 Memory: 8108M
 Large Page Support: Disabled
 NUMA Support: Disabled
 Compressed Oops: Enabled (32-bit)
 Heap Region Size: 1M
 Heap Min Capacity: 8M
 Heap Initial Capacity: 128M
 Heap Max Capacity: 2G
 Pre-touch: Disabled
 Parallel Workers: 4
 Concurrent Workers: 1
 Concurrent Refinement Workers: 4
 Periodic GC: Disabled
Heap:
 garbage-first heap   total 208896K, used 155909K [0x0000000080000000, 0x0000000100000000)
  region size 1024K, 2 young (2048K), 2 survivors (2048K)
 Metaspace       used 92610K, committed 95040K, reserved 552960K
  class space    used 12841K, committed 14080K, reserved 421888K
GC Heap History (20 events):
Event: 53.045 GC heap after
{Heap after GC invocations=30 (full 0):
 garbage-first heap   total 157696K, used 88757K [0x0000000080000000, 0x0000000100000000)
  region size 1024K, 6 young (6144K), 6 survivors (6144K)
 Metaspace       used 83267K, committed 85376K, reserved 552960K
  class space    used 11632K, committed 12736K, reserved 421888K
}
Event: 53.399 GC heap before
{Heap before GC invocations=30 (full 0):
 garbage-first heap   total 157696K, used 109237K [0x0000000080000000, 0x0000000100000000)
  region size 1024K, 28 young (28672K), 6 survivors (6144K)
 Metaspace       used 84242K, committed 86464K, reserved 552960K
  class space    used 11748K, committed 12864K, reserved 421888K
}
Event: 53.412 GC heap after
{Heap after GC invocations=31 (full 0):
 garbage-first heap   total 189440K, used 91399K [0x0000000080000000, 0x0000000100000000)
  region size 1024K, 3 young (3072K), 3 survivors (3072K)
 Metaspace       used 84242K, committed 86464K, reserved 552960K
  class space    used 11748K, committed 12864K, reserved 421888K
}
Event: 55.060 GC heap before
{Heap before GC invocations=32 (full 0):
 garbage-first heap   total 189440K, used 157959K [0x0000000080000000, 0x0000000100000000)
  region size 1024K, 62 young (63488K), 3 survivors (3072K)
 Metaspace       used 86457K, committed 88704K, reserved 552960K
  class space    used 12108K, committed 13248K, reserved 421888K
}
Event: 55.077 GC heap after
{Heap after GC invocations=33 (full 0):
 garbage-first heap   total 189440K, used 107445K [0x0000000080000000, 0x0000000100000000)
  region size 1024K, 8 young (8192K), 8 survivors (8192K)
 Metaspace       used 86457K, committed 88704K, reserved 552960K
  class space    used 12108K, committed 13248K, reserved 421888K
}
Event: 55.092 GC heap before
{Heap before GC invocations=33 (full 0):
 garbage-first heap   total 189440K, used 108469K [0x0000000080000000, 0x0000000100000000)
  region size 1024K, 9 young (9216K), 8 survivors (8192K)
 Metaspace       used 86458K, committed 88704K, reserved 552960K
  class space    used 12108K, committed 13248K, reserved 421888K
}
Event: 55.102 GC heap after
{Heap after GC invocations=34 (full 0):
 garbage-first heap   total 189440K, used 107716K [0x0000000080000000, 0x0000000100000000)
  region size 1024K, 1 young (1024K), 1 survivors (1024K)
 Metaspace       used 86458K, committed 88704K, reserved 552960K
  class space    used 12108K, committed 13248K, reserved 421888K
}
Event: 55.986 GC heap before
{Heap before GC invocations=34 (full 0):
 garbage-first heap   total 189440K, used 152772K [0x0000000080000000, 0x0000000100000000)
  region size 1024K, 46 young (47104K), 1 survivors (1024K)
 Metaspace       used 87048K, committed 89408K, reserved 552960K
  class space    used 12180K, committed 13376K, reserved 421888K
}
Event: 55.997 GC heap after
{Heap after GC invocations=35 (full 0):
 garbage-first heap   total 189440K, used 115712K [0x0000000080000000, 0x0000000100000000)
  region size 1024K, 6 young (6144K), 6 survivors (6144K)
 Metaspace       used 87048K, committed 89408K, reserved 552960K
  class space    used 12180K, committed 13376K, reserved 421888K
}
Event: 56.991 GC heap before
{Heap before GC invocations=36 (full 0):
 garbage-first heap   total 208896K, used 160768K [0x0000000080000000, 0x0000000100000000)
  region size 1024K, 42 young (43008K), 6 survivors (6144K)
 Metaspace       used 88408K, committed 90816K, reserved 552960K
  class space    used 12325K, committed 13568K, reserved 421888K
}
Event: 57.003 GC heap after
{Heap after GC invocations=37 (full 0):
 garbage-first heap   total 208896K, used 131869K [0x0000000080000000, 0x0000000100000000)
  region size 1024K, 6 young (6144K), 6 survivors (6144K)
 Metaspace       used 88408K, committed 90816K, reserved 552960K
  class space    used 12325K, committed 13568K, reserved 421888K
}
Event: 57.075 GC heap before
{Heap before GC invocations=37 (full 0):
 garbage-first heap   total 208896K, used 135965K [0x0000000080000000, 0x0000000100000000)
  region size 1024K, 10 young (10240K), 6 survivors (6144K)
 Metaspace       used 88697K, committed 91136K, reserved 552960K
  class space    used 12357K, committed 13632K, reserved 421888K
}
Event: 57.079 GC heap after
{Heap after GC invocations=38 (full 0):
 garbage-first heap   total 208896K, used 133189K [0x0000000080000000, 0x0000000100000000)
  region size 1024K, 1 young (1024K), 1 survivors (1024K)
 Metaspace       used 88697K, committed 91136K, reserved 552960K
  class space    used 12357K, committed 13632K, reserved 421888K
}
Event: 57.914 GC heap before
{Heap before GC invocations=38 (full 0):
 garbage-first heap   total 208896K, used 168005K [0x0000000080000000, 0x0000000100000000)
  region size 1024K, 36 young (36864K), 1 survivors (1024K)
 Metaspace       used 89581K, committed 91968K, reserved 552960K
  class space    used 12464K, committed 13696K, reserved 421888K
}
Event: 57.920 GC heap after
{Heap after GC invocations=39 (full 0):
 garbage-first heap   total 208896K, used 135708K [0x0000000080000000, 0x0000000100000000)
  region size 1024K, 4 young (4096K), 4 survivors (4096K)
 Metaspace       used 89581K, committed 91968K, reserved 552960K
  class space    used 12464K, committed 13696K, reserved 421888K
}
Event: 58.649 GC heap before
{Heap before GC invocations=39 (full 0):
 garbage-first heap   total 208896K, used 176668K [0x0000000080000000, 0x0000000100000000)
  region size 1024K, 38 young (38912K), 4 survivors (4096K)
 Metaspace       used 91603K, committed 94016K, reserved 552960K
  class space    used 12719K, committed 13952K, reserved 421888K
}
Event: 58.658 GC heap after
{Heap after GC invocations=40 (full 0):
 garbage-first heap   total 208896K, used 150265K [0x0000000080000000, 0x0000000100000000)
  region size 1024K, 5 young (5120K), 5 survivors (5120K)
 Metaspace       used 91603K, committed 94016K, reserved 552960K
  class space    used 12719K, committed 13952K, reserved 421888K
}
Event: 59.094 GC heap before
{Heap before GC invocations=40 (full 0):
 garbage-first heap   total 208896K, used 175865K [0x0000000080000000, 0x0000000100000000)
  region size 1024K, 30 young (30720K), 5 survivors (5120K)
 Metaspace       used 92502K, committed 94976K, reserved 552960K
  class space    used 12832K, committed 14080K, reserved 421888K
}
Event: 59.102 GC heap after
{Heap after GC invocations=41 (full 0):
 garbage-first heap   total 208896K, used 153915K [0x0000000080000000, 0x0000000100000000)
  region size 1024K, 4 young (4096K), 4 survivors (4096K)
 Metaspace       used 92502K, committed 94976K, reserved 552960K
  class space    used 12832K, committed 14080K, reserved 421888K
}
Event: 59.549 GC heap before
{Heap before GC invocations=41 (full 0):
 garbage-first heap   total 208896K, used 175419K [0x0000000080000000, 0x0000000100000000)
  region size 1024K, 26 young (26624K), 4 survivors (4096K)
 Metaspace       used 92610K, committed 95040K, reserved 552960K
  class space    used 12841K, committed 14080K, reserved 421888K
}

