# JRE version: OpenJDK Runtime Environment Temurin-17.0.9+9 (17.0.9+9) (build 17.0.9+9)
# Java VM: OpenJDK 64-Bit Server VM Temurin-17.0.9+9 (17.0.9+9, mixed mode, tiered, compressed oops, compressed class ptrs, parallel gc, windows-amd64)
GC Precious Log:
 CPUs: 4 total, 4 available
 Memory: 8108M
 Large Page Support: Disabled
 NUMA Support: Disabled
 Compressed Oops: Enabled (32-bit)
 Alignments: Space 512K, Generation 512K, Heap 2M
 Heap Min Capacity: 100M
 Heap Initial Capacity: 100M
 Heap Max Capacity: 1G
 Pre-touch: Disabled
 Parallel Workers: 4
Heap:
 PSYoungGen      total 25600K, used 14376K [0x00000000eab00000, 0x00000000ec980000, 0x0000000100000000)
  eden space 20480K, 45% used [0x00000000eab00000,0x00000000eb40a400,0x00000000ebf00000)
  from space 5120K, 99% used [0x00000000ec480000,0x00000000ec97ffb8,0x00000000ec980000)
  to   space 5120K, 0% used [0x00000000ebf00000,0x00000000ebf00000,0x00000000ec400000)
 ParOldGen       total 699392K, used 117639K [0x00000000c0000000, 0x00000000eab00000, 0x00000000eab00000)
  object space 699392K, 16% used [0x00000000c0000000,0x00000000c72e1f60,0x00000000eab00000)
 Metaspace       used 66302K, committed 67264K, reserved 1114112K
  class space    used 7635K, committed 8000K, reserved 1048576K
GC Heap History (20 events):
Event: 184.892 GC heap before
{Heap before GC invocations=1794 (full 1749):
 PSYoungGen      total 25600K, used 20480K [0x00000000eab00000, 0x00000000ec980000, 0x0000000100000000)
  eden space 20480K, 100% used [0x00000000eab00000,0x00000000ebf00000,0x00000000ebf00000)
  from space 5120K, 0% used [0x00000000ebf00000,0x00000000ebf00000,0x00000000ec400000)
  to   space 3072K, 0% used [0x00000000ec600000,0x00000000ec600000,0x00000000ec900000)
 ParOldGen       total 96256K, used 96128K [0x00000000c0000000, 0x00000000c5e00000, 0x00000000eab00000)
  object space 96256K, 99% used [0x00000000c0000000,0x00000000c5de02c8,0x00000000c5e00000)
 Metaspace       used 65665K, committed 66624K, reserved 1114112K
  class space    used 7574K, committed 7936K, reserved 1048576K
}
Event: 184.996 GC heap after
{Heap after GC invocations=1794 (full 1749):
 PSYoungGen      total 23552K, used 20480K [0x00000000eab00000, 0x00000000ec980000, 0x0000000100000000)
  eden space 20480K, 100% used [0x00000000eab00000,0x00000000ebf00000,0x00000000ebf00000)
  from space 3072K, 0% used [0x00000000ec600000,0x00000000ec600000,0x00000000ec900000)
  to   space 5120K, 0% used [0x00000000ebf00000,0x00000000ebf00000,0x00000000ec400000)
 ParOldGen       total 96256K, used 96127K [0x00000000c0000000, 0x00000000c5e00000, 0x00000000eab00000)
  object space 96256K, 99% used [0x00000000c0000000,0x00000000c5ddfcf8,0x00000000c5e00000)
 Metaspace       used 65665K, committed 66624K, reserved 1114112K
  class space    used 7574K, committed 7936K, reserved 1048576K
}
Event: 184.997 GC heap before
{Heap before GC invocations=1795 (full 1750):
 PSYoungGen      total 23552K, used 20480K [0x00000000eab00000, 0x00000000ec980000, 0x0000000100000000)
  eden space 20480K, 100% used [0x00000000eab00000,0x00000000ebf00000,0x00000000ebf00000)
  from space 3072K, 0% used [0x00000000ec600000,0x00000000ec600000,0x00000000ec900000)
  to   space 5120K, 0% used [0x00000000ebf00000,0x00000000ebf00000,0x00000000ec400000)
 ParOldGen       total 96256K, used 96129K [0x00000000c0000000, 0x00000000c5e00000, 0x00000000eab00000)
  object space 96256K, 99% used [0x00000000c0000000,0x00000000c5de0710,0x00000000c5e00000)
 Metaspace       used 65665K, committed 66624K, reserved 1114112K
  class space    used 7574K, committed 7936K, reserved 1048576K
}
Event: 185.084 GC heap after
{Heap after GC invocations=1795 (full 1750):
 PSYoungGen      total 25600K, used 20480K [0x00000000eab00000, 0x00000000ec980000, 0x0000000100000000)
  eden space 20480K, 100% used [0x00000000eab00000,0x00000000ebf00000,0x00000000ebf00000)
  from space 5120K, 0% used [0x00000000ebf00000,0x00000000ebf00000,0x00000000ec400000)
  to   space 3072K, 0% used [0x00000000ec600000,0x00000000ec600000,0x00000000ec900000)
 ParOldGen       total 96256K, used 96128K [0x00000000c0000000, 0x00000000c5e00000, 0x00000000eab00000)
  object space 96256K, 99% used [0x00000000c0000000,0x00000000c5de00f8,0x00000000c5e00000)
 Metaspace       used 65665K, committed 66624K, reserved 1114112K
  class space    used 7574K, committed 7936K, reserved 1048576K
}
Event: 185.084 GC heap before
{Heap before GC invocations=1796 (full 1751):
 PSYoungGen      total 25600K, used 20480K [0x00000000eab00000, 0x00000000ec980000, 0x0000000100000000)
  eden space 20480K, 100% used [0x00000000eab00000,0x00000000ebf00000,0x00000000ebf00000)
  from space 5120K, 0% used [0x00000000ebf00000,0x00000000ebf00000,0x00000000ec400000)
  to   space 3072K, 0% used [0x00000000ec600000,0x00000000ec600000,0x00000000ec900000)
 ParOldGen       total 96256K, used 96130K [0x00000000c0000000, 0x00000000c5e00000, 0x00000000eab00000)
  object space 96256K, 99% used [0x00000000c0000000,0x00000000c5de0ac8,0x00000000c5e00000)
 Metaspace       used 65665K, committed 66624K, reserved 1114112K
  class space    used 7574K, committed 7936K, reserved 1048576K
}
Event: 185.168 GC heap after
{Heap after GC invocations=1796 (full 1751):
 PSYoungGen      total 23552K, used 20480K [0x00000000eab00000, 0x00000000ec980000, 0x0000000100000000)
  eden space 20480K, 100% used [0x00000000eab00000,0x00000000ebf00000,0x00000000ebf00000)
  from space 3072K, 0% used [0x00000000ec600000,0x00000000ec600000,0x00000000ec900000)
  to   space 5120K, 0% used [0x00000000ebf00000,0x00000000ebf00000,0x00000000ec400000)
 ParOldGen       total 96256K, used 96129K [0x00000000c0000000, 0x00000000c5e00000, 0x00000000eab00000)
  object space 96256K, 99% used [0x00000000c0000000,0x00000000c5de0518,0x00000000c5e00000)
 Metaspace       used 65665K, committed 66624K, reserved 1114112K
  class space    used 7574K, committed 7936K, reserved 1048576K
}
Event: 185.168 GC heap before
{Heap before GC invocations=1797 (full 1752):
 PSYoungGen      total 23552K, used 20480K [0x00000000eab00000, 0x00000000ec980000, 0x0000000100000000)
  eden space 20480K, 100% used [0x00000000eab00000,0x00000000ebf00000,0x00000000ebf00000)
  from space 3072K, 0% used [0x00000000ec600000,0x00000000ec600000,0x00000000ec900000)
  to   space 5120K, 0% used [0x00000000ebf00000,0x00000000ebf00000,0x00000000ec400000)
 ParOldGen       total 96256K, used 96131K [0x00000000c0000000, 0x00000000c5e00000, 0x00000000eab00000)
  object space 96256K, 99% used [0x00000000c0000000,0x00000000c5de0fd0,0x00000000c5e00000)
 Metaspace       used 65665K, committed 66624K, reserved 1114112K
  class space    used 7574K, committed 7936K, reserved 1048576K
}
Event: 185.268 GC heap after
{Heap after GC invocations=1797 (full 1752):
 PSYoungGen      total 25600K, used 20480K [0x00000000eab00000, 0x00000000ec980000, 0x0000000100000000)
  eden space 20480K, 100% used [0x00000000eab00000,0x00000000ebf00000,0x00000000ebf00000)
  from space 5120K, 0% used [0x00000000ebf00000,0x00000000ebf00000,0x00000000ec400000)
  to   space 3072K, 0% used [0x00000000ec600000,0x00000000ec600000,0x00000000ec900000)
 ParOldGen       total 96256K, used 96129K [0x00000000c0000000, 0x00000000c5e00000, 0x00000000eab00000)
  object space 96256K, 99% used [0x00000000c0000000,0x00000000c5de0710,0x00000000c5e00000)
 Metaspace       used 65665K, committed 66624K, reserved 1114112K
  class space    used 7574K, committed 7936K, reserved 1048576K
}
Event: 185.268 GC heap before
{Heap before GC invocations=1798 (full 1753):
 PSYoungGen      total 25600K, used 20480K [0x00000000eab00000, 0x00000000ec980000, 0x0000000100000000)
  eden space 20480K, 100% used [0x00000000eab00000,0x00000000ebf00000,0x00000000ebf00000)
  from space 5120K, 0% used [0x00000000ebf00000,0x00000000ebf00000,0x00000000ec400000)
  to   space 3072K, 0% used [0x00000000ec600000,0x00000000ec600000,0x00000000ec900000)
 ParOldGen       total 96256K, used 96132K [0x00000000c0000000, 0x00000000c5e00000, 0x00000000eab00000)
  object space 96256K, 99% used [0x00000000c0000000,0x00000000c5de11b0,0x00000000c5e00000)
 Metaspace       used 65665K, committed 66624K, reserved 1114112K
  class space    used 7574K, committed 7936K, reserved 1048576K
}
Event: 185.377 GC heap after
{Heap after GC invocations=1798 (full 1753):
 PSYoungGen      total 23552K, used 20480K [0x00000000eab00000, 0x00000000ec980000, 0x0000000100000000)
  eden space 20480K, 100% used [0x00000000eab00000,0x00000000ebf00000,0x00000000ebf00000)
  from space 3072K, 0% used [0x00000000ec600000,0x00000000ec600000,0x00000000ec900000)
  to   space 5120K, 0% used [0x00000000ebf00000,0x00000000ebf00000,0x00000000ec400000)
 ParOldGen       total 96256K, used 96129K [0x00000000c0000000, 0x00000000c5e00000, 0x00000000eab00000)
  object space 96256K, 99% used [0x00000000c0000000,0x00000000c5de0650,0x00000000c5e00000)
 Metaspace       used 65665K, committed 66624K, reserved 1114112K
  class space    used 7574K, committed 7936K, reserved 1048576K
}
Event: 185.377 GC heap before
{Heap before GC invocations=1799 (full 1754):
 PSYoungGen      total 23552K, used 20480K [0x00000000eab00000, 0x00000000ec980000, 0x0000000100000000)
  eden space 20480K, 100% used [0x00000000eab00000,0x00000000ebf00000,0x00000000ebf00000)
  from space 3072K, 0% used [0x00000000ec600000,0x00000000ec600000,0x00000000ec900000)
  to   space 5120K, 0% used [0x00000000ebf00000,0x00000000ebf00000,0x00000000ec400000)
 ParOldGen       total 96256K, used 96131K [0x00000000c0000000, 0x00000000c5e00000, 0x00000000eab00000)
  object space 96256K, 99% used [0x00000000c0000000,0x00000000c5de0ff8,0x00000000c5e00000)
 Metaspace       used 65665K, committed 66624K, reserved 1114112K
  class space    used 7574K, committed 7936K, reserved 1048576K
}
Event: 185.476 GC heap after
{Heap after GC invocations=1799 (full 1754):
 PSYoungGen      total 25600K, used 20480K [0x00000000eab00000, 0x00000000ec980000, 0x0000000100000000)
  eden space 20480K, 100% used [0x00000000eab00000,0x00000000ebf00000,0x00000000ebf00000)
  from space 5120K, 0% used [0x00000000ebf00000,0x00000000ebf00000,0x00000000ec400000)
  to   space 3072K, 0% used [0x00000000ec600000,0x00000000ec600000,0x00000000ec900000)
 ParOldGen       total 96256K, used 96130K [0x00000000c0000000, 0x00000000c5e00000, 0x00000000eab00000)
  object space 96256K, 99% used [0x00000000c0000000,0x00000000c5de0900,0x00000000c5e00000)
 Metaspace       used 65665K, committed 66624K, reserved 1114112K
  class space    used 7574K, committed 7936K, reserved 1048576K
}
Event: 185.476 GC heap before
{Heap before GC invocations=1800 (full 1755):
 PSYoungGen      total 25600K, used 20480K [0x00000000eab00000, 0x00000000ec980000, 0x0000000100000000)
  eden space 20480K, 100% used [0x00000000eab00000,0x00000000ebf00000,0x00000000ebf00000)
  from space 5120K, 0% used [0x00000000ebf00000,0x00000000ebf00000,0x00000000ec400000)
  to   space 3072K, 0% used [0x00000000ec600000,0x00000000ec600000,0x00000000ec900000)
 ParOldGen       total 96256K, used 96132K [0x00000000c0000000, 0x00000000c5e00000, 0x00000000eab00000)
  object space 96256K, 99% used [0x00000000c0000000,0x00000000c5de13b0,0x00000000c5e00000)
 Metaspace       used 65665K, committed 66624K, reserved 1114112K
  class space    used 7574K, committed 7936K, reserved 1048576K
}
Event: 185.574 GC heap after
{Heap after GC invocations=1800 (full 1755):
 PSYoungGen      total 23552K, used 20480K [0x00000000eab00000, 0x00000000ec980000, 0x0000000100000000)
  eden space 20480K, 100% used [0x00000000eab00000,0x00000000ebf00000,0x00000000ebf00000)
  from space 3072K, 0% used [0x00000000ec600000,0x00000000ec600000,0x00000000ec900000)
  to   space 5120K, 0% used [0x00000000ebf00000,0x00000000ebf00000,0x00000000ec400000)
 ParOldGen       total 699392K, used 96130K [0x00000000c0000000, 0x00000000eab00000, 0x00000000eab00000)
  object space 699392K, 13% used [0x00000000c0000000,0x00000000c5de09d0,0x00000000eab00000)
 Metaspace       used 65665K, committed 66624K, reserved 1114112K
  class space    used 7574K, committed 7936K, reserved 1048576K
}
Event: 185.575 GC heap before
{Heap before GC invocations=1801 (full 1755):
 PSYoungGen      total 23552K, used 20480K [0x00000000eab00000, 0x00000000ec980000, 0x0000000100000000)
  eden space 20480K, 100% used [0x00000000eab00000,0x00000000ebf00000,0x00000000ebf00000)
  from space 3072K, 0% used [0x00000000ec600000,0x00000000ec600000,0x00000000ec900000)
  to   space 5120K, 0% used [0x00000000ebf00000,0x00000000ebf00000,0x00000000ec400000)
 ParOldGen       total 699392K, used 96133K [0x00000000c0000000, 0x00000000eab00000, 0x00000000eab00000)
  object space 699392K, 13% used [0x00000000c0000000,0x00000000c5de14b8,0x00000000eab00000)
 Metaspace       used 65665K, committed 66624K, reserved 1114112K
  class space    used 7574K, committed 7936K, reserved 1048576K
}
Event: 185.595 GC heap after
{Heap after GC invocations=1801 (full 1755):
 PSYoungGen      total 25600K, used 5109K [0x00000000eab00000, 0x00000000ec980000, 0x0000000100000000)
  eden space 20480K, 0% used [0x00000000eab00000,0x00000000eab00000,0x00000000ebf00000)
  from space 5120K, 99% used [0x00000000ebf00000,0x00000000ec3fd480,0x00000000ec400000)
  to   space 3072K, 0% used [0x00000000ec600000,0x00000000ec600000,0x00000000ec900000)
 ParOldGen       total 699392K, used 112190K [0x00000000c0000000, 0x00000000eab00000, 0x00000000eab00000)
  object space 699392K, 16% used [0x00000000c0000000,0x00000000c6d8f8c0,0x00000000eab00000)
 Metaspace       used 65665K, committed 66624K, reserved 1114112K
  class space    used 7574K, committed 7936K, reserved 1048576K
}
Event: 185.696 GC heap before
{Heap before GC invocations=1802 (full 1755):
 PSYoungGen      total 25600K, used 25589K [0x00000000eab00000, 0x00000000ec980000, 0x0000000100000000)
  eden space 20480K, 100% used [0x00000000eab00000,0x00000000ebf00000,0x00000000ebf00000)
  from space 5120K, 99% used [0x00000000ebf00000,0x00000000ec3fd480,0x00000000ec400000)
  to   space 3072K, 0% used [0x00000000ec600000,0x00000000ec600000,0x00000000ec900000)
 ParOldGen       total 699392K, used 112190K [0x00000000c0000000, 0x00000000eab00000, 0x00000000eab00000)
  object space 699392K, 16% used [0x00000000c0000000,0x00000000c6d8f8c0,0x00000000eab00000)
 Metaspace       used 65690K, committed 66624K, reserved 1114112K
  class space    used 7574K, committed 7936K, reserved 1048576K
}
Event: 185.701 GC heap after
{Heap after GC invocations=1802 (full 1755):
 PSYoungGen      total 23552K, used 2384K [0x00000000eab00000, 0x00000000ec980000, 0x0000000100000000)
  eden space 20480K, 0% used [0x00000000eab00000,0x00000000eab00000,0x00000000ebf00000)
  from space 3072K, 77% used [0x00000000ec600000,0x00000000ec8543c8,0x00000000ec900000)
  to   space 5120K, 0% used [0x00000000ebf00000,0x00000000ebf00000,0x00000000ec400000)
 ParOldGen       total 699392K, used 117212K [0x00000000c0000000, 0x00000000eab00000, 0x00000000eab00000)
  object space 699392K, 16% used [0x00000000c0000000,0x00000000c7277378,0x00000000eab00000)
 Metaspace       used 65690K, committed 66624K, reserved 1114112K
  class space    used 7574K, committed 7936K, reserved 1048576K
}
Event: 185.828 GC heap before
{Heap before GC invocations=1803 (full 1755):
 PSYoungGen      total 23552K, used 22864K [0x00000000eab00000, 0x00000000ec980000, 0x0000000100000000)
  eden space 20480K, 100% used [0x00000000eab00000,0x00000000ebf00000,0x00000000ebf00000)
  from space 3072K, 77% used [0x00000000ec600000,0x00000000ec8543c8,0x00000000ec900000)
  to   space 5120K, 0% used [0x00000000ebf00000,0x00000000ebf00000,0x00000000ec400000)
 ParOldGen       total 699392K, used 117212K [0x00000000c0000000, 0x00000000eab00000, 0x00000000eab00000)
  object space 699392K, 16% used [0x00000000c0000000,0x00000000c7277378,0x00000000eab00000)
 Metaspace       used 65988K, committed 67008K, reserved 1114112K
  class space    used 7605K, committed 8000K, reserved 1048576K
}
Event: 185.832 GC heap after
{Heap after GC invocations=1803 (full 1755):
 PSYoungGen      total 25600K, used 4152K [0x00000000eab00000, 0x00000000ec980000, 0x0000000100000000)
  eden space 20480K, 0% used [0x00000000eab00000,0x00000000eab00000,0x00000000ebf00000)
  from space 5120K, 81% used [0x00000000ebf00000,0x00000000ec30e198,0x00000000ec400000)
  to   space 5120K, 0% used [0x00000000ec480000,0x00000000ec480000,0x00000000ec980000)
 ParOldGen       total 699392K, used 117220K [0x00000000c0000000, 0x00000000eab00000, 0x00000000eab00000)
  object space 699392K, 16% used [0x00000000c0000000,0x00000000c7279378,0x00000000eab00000)
 Metaspace       used 65988K, committed 67008K, reserved 1114112K
  class space    used 7605K, committed 8000K, reserved 1048576K
}

